Log file open, 02/18/23 14:29:08
LogWindows: Failed to load 'aqProf.dll' (GetLastError=126)
LogWindows: File 'aqProf.dll' does not exist
LogWindows: Failed to load 'VtuneApi.dll' (GetLastError=126)
LogWindows: File 'VtuneApi.dll' does not exist
LogWindows: Failed to load 'VtuneApi32e.dll' (GetLastError=126)
LogWindows: File 'VtuneApi32e.dll' does not exist
LogConsoleResponse: Display: Failed to find resolution value strings in scalability ini. Falling back to default.
LogConsoleResponse: Display: Failed to find resolution value strings in scalability ini. Falling back to default.
LogInit: Display: Running engine for game: HyperCasualRunner
LogPlatformFile: Not using cached read wrapper
LogTaskGraph: Started task graph with 5 named threads and 35 total threads with 3 sets of task threads.
LogStats: Stats thread started at 0.312723
LogICUInternationalization: ICU TimeZone Detection - Raw Offset: +0:00, Platform Override: ''
LogInit: Display: Loading text-based GConfig....
LogPluginManager: Mounting plugin MeshPainting
LogPluginManager: Mounting plugin XGEController
LogPluginManager: Mounting plugin Paper2D
LogPluginManager: Mounting plugin LiveLink
LogPluginManager: Mounting plugin GameplayCameras
LogPluginManager: Mounting plugin LightPropagationVolume
LogPluginManager: Mounting plugin CameraShakePreviewer
LogPluginManager: Mounting plugin AISupport
LogPluginManager: Mounting plugin OodleData
LogPluginManager: Mounting plugin OodleNetwork
LogPluginManager: Mounting plugin EnvironmentQueryEditor
LogPluginManager: Mounting plugin DatasmithContent
LogPluginManager: Mounting plugin VariantManagerContent
LogPluginManager: Mounting plugin AssetManagerEditor
LogPluginManager: Mounting plugin CurveEditorTools
LogPluginManager: Mounting plugin CryptoKeys
LogPluginManager: Mounting plugin DataValidation
LogPluginManager: Mounting plugin FacialAnimation
LogPluginManager: Mounting plugin GameplayTagsEditor
LogPluginManager: Mounting plugin GeometryMode
LogPluginManager: Mounting plugin PluginBrowser
LogPluginManager: Mounting plugin MaterialAnalyzer
LogPluginManager: Mounting plugin SpeedTreeImporter
LogPluginManager: Mounting plugin MacGraphicsSwitching
LogPluginManager: Mounting plugin MobileLauncherProfileWizard
LogPluginManager: Mounting plugin Niagara
LogPluginManager: Mounting plugin AndroidMedia
LogPluginManager: Mounting plugin AvfMedia
LogPluginManager: Mounting plugin LuminPlatformFeatures
LogPluginManager: Mounting plugin ImgMedia
LogPluginManager: Mounting plugin MediaCompositing
LogPluginManager: Mounting plugin MagicLeap
LogPluginManager: Mounting plugin MediaPlayerEditor
LogPluginManager: Mounting plugin MagicLeapLightEstimation
LogPluginManager: Mounting plugin MagicLeapMedia
LogPluginManager: Mounting plugin WebMMedia
LogPluginManager: Mounting plugin WmfMedia
LogPluginManager: Mounting plugin MagicLeapPassableWorld
LogPluginManager: Mounting plugin MLSDK
LogPluginManager: Mounting plugin AlembicImporter
LogPluginManager: Mounting plugin AutomationUtils
LogPluginManager: Mounting plugin BackChannel
LogPluginManager: Mounting plugin ChaosCloth
LogPluginManager: Mounting plugin ChaosEditor
LogPluginManager: Mounting plugin ChaosNiagara
LogPluginManager: Mounting plugin ChaosSolverPlugin
LogPluginManager: Mounting plugin ChaosClothEditor
LogPluginManager: Mounting plugin CharacterAI
LogPluginManager: Mounting plugin TcpMessaging
LogPluginManager: Mounting plugin UdpMessaging
LogPluginManager: Mounting plugin LevelSequenceEditor
LogPluginManager: Mounting plugin ActorSequence
LogPluginManager: Mounting plugin GeometryCache
LogPluginManager: Mounting plugin GeometryCollectionPlugin
LogPluginManager: Mounting plugin MatineeToLevelSequence
LogPluginManager: Mounting plugin GeometryProcessing
LogPluginManager: Mounting plugin OnlineSubsystem
LogPluginManager: Mounting plugin OnlineSubsystemNull
LogPluginManager: Mounting plugin OpenImageDenoise
LogPluginManager: Mounting plugin OnlineSubsystemUtils
LogPluginManager: Mounting plugin ProxyLODPlugin
LogPluginManager: Mounting plugin PlatformCrypto
LogPluginManager: Mounting plugin PythonScriptPlugin
LogPluginManager: Mounting plugin LauncherChunkInstaller
LogPluginManager: Mounting plugin SkeletalReduction
LogPluginManager: Mounting plugin ActorLayerUtilities
LogPluginManager: Mounting plugin PlanarCut
LogPluginManager: Mounting plugin AndroidMoviePlayer
LogPluginManager: Mounting plugin AndroidDeviceProfileSelector
LogPluginManager: Mounting plugin AndroidPermission
LogPluginManager: Mounting plugin AppleImageUtils
LogPluginManager: Mounting plugin AppleMoviePlayer
LogPluginManager: Mounting plugin ArchVisCharacter
LogPluginManager: Mounting plugin AssetTags
LogPluginManager: Mounting plugin CableComponent
LogPluginManager: Mounting plugin AudioSynesthesia
LogPluginManager: Mounting plugin AudioCapture
LogPluginManager: Mounting plugin MotoSynth
LogPluginManager: Mounting plugin ChunkDownloader
LogPluginManager: Mounting plugin CustomMeshComponent
LogPluginManager: Mounting plugin EditableMesh
LogPluginManager: Mounting plugin ExampleDeviceProfileSelector
LogPluginManager: Mounting plugin TemplateSequence
LogPluginManager: Mounting plugin ScreenshotTools
LogPluginManager: Mounting plugin GoogleCloudMessaging
LogPluginManager: Mounting plugin GooglePAD
LogPluginManager: Mounting plugin IOSDeviceProfileSelector
LogPluginManager: Mounting plugin LinuxDeviceProfileSelector
LogPluginManager: Mounting plugin LocationServicesBPLibrary
LogPluginManager: Mounting plugin MobilePatchingUtils
LogPluginManager: Mounting plugin OpenXR
LogPluginManager: Mounting plugin OpenXREyeTracker
LogPluginManager: Mounting plugin Takes
LogPluginManager: Mounting plugin OpenXRHandTracking
LogPluginManager: Mounting plugin PhysXVehicles
LogPluginManager: Mounting plugin PostSplashScreen
LogPluginManager: Mounting plugin ProceduralMeshComponent
LogPluginManager: Mounting plugin PropertyAccessEditor
LogPluginManager: Mounting plugin SignificanceManager
LogPluginManager: Mounting plugin RuntimePhysXCooking
LogPluginManager: Mounting plugin SoundFields
LogPluginManager: Mounting plugin Synthesis
LogPluginManager: Mounting plugin WebMMoviePlayer
LogPluginManager: Mounting plugin WindowsMoviePlayer
LogPluginManager: Mounting plugin AnimationSharing
LogPluginManager: Mounting plugin CLionSourceCodeAccess
LogPluginManager: Mounting plugin CodeLiteSourceCodeAccess
LogPluginManager: Mounting plugin GitSourceControl
LogPluginManager: Mounting plugin KDevelopSourceCodeAccess
LogPluginManager: Mounting plugin NullSourceCodeAccess
LogPluginManager: Mounting plugin PerforceSourceControl
LogPluginManager: Mounting plugin PixWinPlugin
LogPluginManager: Mounting plugin PlasticSourceControl
LogPluginManager: Mounting plugin PropertyAccessNode
LogPluginManager: Mounting plugin RiderSourceCodeAccess
LogPluginManager: Mounting plugin PluginUtils
LogPluginManager: Mounting plugin TextureFormatOodle
LogPluginManager: Mounting plugin UObjectPlugin
LogPluginManager: Mounting plugin VisualStudioSourceCodeAccess
LogPluginManager: Mounting plugin SubversionSourceControl
LogPluginManager: Mounting plugin XCodeSourceCodeAccess
LogPluginManager: Mounting plugin VisualStudioCodeSourceCodeAccess
LogPluginManager: Mounting plugin ContentBrowserAssetDataSource
LogPluginManager: Mounting plugin ContentBrowserClassDataSource
LogPluginManager: Mounting plugin ContentBrowserFileDataSource
LogPluginManager: Mounting plugin OnlineSubsystemIOS
LogPluginManager: Mounting plugin OnlineSubsystemGooglePlay
LogPluginManager: Mounting plugin OculusVR
LogPluginManager: Mounting plugin SteamVR
LogInit: Using libcurl 7.55.1-DEV
LogInit:  - built for x86_64-pc-win32
LogInit:  - supports SSL with OpenSSL/1.1.1
LogInit:  - supports HTTP deflate (compression) using libz 1.2.8
LogInit:  - other features:
LogInit:      CURL_VERSION_SSL
LogInit:      CURL_VERSION_LIBZ
LogInit:      CURL_VERSION_IPV6
LogInit:      CURL_VERSION_ASYNCHDNS
LogInit:      CURL_VERSION_LARGEFILE
LogInit:      CURL_VERSION_IDN
LogInit:  CurlRequestOptions (configurable via config and command line):
LogInit:  - bVerifyPeer = true  - Libcurl will verify peer certificate
LogInit:  - bUseHttpProxy = false  - Libcurl will NOT use HTTP proxy
LogInit:  - bDontReuseConnections = false  - Libcurl will reuse connections
LogInit:  - MaxHostConnections = 16  - Libcurl will limit the number of connections to a host
LogInit:  - LocalHostAddr = Default
LogInit:  - BufferSize = 65536
LogOnline: OSS: Creating online subsystem instance for: NULL
LogInit: WinSock: version 1.1 (2.2), MaxSocks=32767, MaxUdp=65467
LogOnline: OSS: TryLoadSubsystemAndSetDefault: Loaded subsystem for module [NULL]
PixWinPlugin: PIX capture plugin failed to initialize! Check that the process is launched from PIX.
LogOculusPluginWrapper: OculusPlugin initialized successfully
LogHMD: Failed initializing OVRPlugin 1.59.0
LogInit: Build: ++UE4+Release-4.27-CL-18319896
LogInit: Engine Version: 4.27.2-18319896+++UE4+Release-4.27
LogInit: Compatible Engine Version: 4.27.0-17155196+++UE4+Release-4.27
LogInit: Net CL: 17155196
LogInit: OS: Windows 10 (Release 2009) (), CPU: AMD Ryzen 5 4600H with Radeon Graphics         , GPU: AMD Radeon(TM) Graphics
LogInit: Compiled (64-bit): Nov 30 2021 07:12:08
LogInit: Compiled with Visual C++: 19.24.28315.00
LogInit: Build Configuration: Development
LogInit: Branch Name: ++UE4+Release-4.27
LogInit: Command Line: 
LogInit: Base Directory: C:/Program Files/Epic Games/UE_4.27/Engine/Binaries/Win64/
LogInit: Allocator: TBB
LogInit: Installed Engine Build: 1
LogDevObjectVersion: Number of dev versions registered: 29
LogDevObjectVersion:   Dev-Blueprints (B0D832E4-1F89-4F0D-ACCF-7EB736FD4AA2): 10
LogDevObjectVersion:   Dev-Build (E1C64328-A22C-4D53-A36C-8E866417BD8C): 0
LogDevObjectVersion:   Dev-Core (375EC13C-06E4-48FB-B500-84F0262A717E): 4
LogDevObjectVersion:   Dev-Editor (E4B068ED-F494-42E9-A231-DA0B2E46BB41): 40
LogDevObjectVersion:   Dev-Framework (CFFC743F-43B0-4480-9391-14DF171D2073): 37
LogDevObjectVersion:   Dev-Mobile (B02B49B5-BB20-44E9-A304-32B752E40360): 3
LogDevObjectVersion:   Dev-Networking (A4E4105C-59A1-49B5-A7C5-40C4547EDFEE): 0
LogDevObjectVersion:   Dev-Online (39C831C9-5AE6-47DC-9A44-9C173E1C8E7C): 0
LogDevObjectVersion:   Dev-Physics (78F01B33-EBEA-4F98-B9B4-84EACCB95AA2): 14
LogDevObjectVersion:   Dev-Platform (6631380F-2D4D-43E0-8009-CF276956A95A): 0
LogDevObjectVersion:   Dev-Rendering (12F88B9F-8875-4AFC-A67C-D90C383ABD29): 45
LogDevObjectVersion:   Dev-Sequencer (7B5AE74C-D270-4C10-A958-57980B212A5A): 13
LogDevObjectVersion:   Dev-VR (D7296918-1DD6-4BDD-9DE2-64A83CC13884): 3
LogDevObjectVersion:   Dev-LoadTimes (C2A15278-BFE7-4AFE-6C17-90FF531DF755): 1
LogDevObjectVersion:   Private-Geometry (6EACA3D4-40EC-4CC1-B786-8BED09428FC5): 3
LogDevObjectVersion:   Dev-AnimPhys (29E575DD-E0A3-4627-9D10-D276232CDCEA): 17
LogDevObjectVersion:   Dev-Anim (AF43A65D-7FD3-4947-9873-3E8ED9C1BB05): 15
LogDevObjectVersion:   Dev-ReflectionCapture (6B266CEC-1EC7-4B8F-A30B-E4D90942FC07): 1
LogDevObjectVersion:   Dev-Automation (0DF73D61-A23F-47EA-B727-89E90C41499A): 1
LogDevObjectVersion:   FortniteMain (601D1886-AC64-4F84-AA16-D3DE0DEAC7D6): 47
LogDevObjectVersion:   FortniteRelease (E7086368-6B23-4C58-8439-1B7016265E91): 1
LogDevObjectVersion:   Dev-Enterprise (9DFFBCD6-494F-0158-E221-12823C92A888): 10
LogDevObjectVersion:   Dev-Niagara (F2AED0AC-9AFE-416F-8664-AA7FFA26D6FC): 1
LogDevObjectVersion:   Dev-Destruction (174F1F0B-B4C6-45A5-B13F-2EE8D0FB917D): 10
LogDevObjectVersion:   Dev-Physics-Ext (35F94A83-E258-406C-A318-09F59610247C): 41
LogDevObjectVersion:   Dev-PhysicsMaterial-Chaos (B68FC16E-8B1B-42E2-B453-215C058844FE): 1
LogDevObjectVersion:   Dev-CineCamera (B2E18506-4273-CFC2-A54E-F4BB758BBA07): 1
LogDevObjectVersion:   Dev-VirtualProduction (64F58936-FD1B-42BA-BA96-7289D5D0FA4E): 1
LogDevObjectVersion:   Dev-MediaFramework (6F0ED827-A609-4895-9C91-998D90180EA4): 2
LogInit: Presizing for max 25165824 objects, including 0 objects not considered by GC, pre-allocating 0 bytes for permanent pool.
LogConfig: Applying CVar settings from Section [/Script/Engine.StreamingSettings] File [C:/Users/William/Documents/GitHub/UnrealRunner-Mastered/HyperCasualRunner/Saved/Config/Windows/Engine.ini]
LogConfig: Setting CVar [[s.MinBulkDataSizeForAsyncLoading:131072]]
LogConfig: Setting CVar [[s.AsyncLoadingThreadEnabled:0]]
LogConfig: Setting CVar [[s.EventDrivenLoaderEnabled:1]]
LogConfig: Setting CVar [[s.WarnIfTimeLimitExceeded:0]]
LogConfig: Setting CVar [[s.TimeLimitExceededMultiplier:1.5]]
LogConfig: Setting CVar [[s.TimeLimitExceededMinTime:0.005]]
LogConfig: Setting CVar [[s.UseBackgroundLevelStreaming:1]]
LogConfig: Setting CVar [[s.PriorityAsyncLoadingExtraTime:15.0]]
LogConfig: Setting CVar [[s.LevelStreamingActorsUpdateTimeLimit:5.0]]
LogConfig: Setting CVar [[s.PriorityLevelStreamingActorsUpdateExtraTime:5.0]]
LogConfig: Setting CVar [[s.LevelStreamingComponentsRegistrationGranularity:10]]
LogConfig: Setting CVar [[s.UnregisterComponentsTimeLimit:1.0]]
LogConfig: Setting CVar [[s.LevelStreamingComponentsUnregistrationGranularity:5]]
LogConfig: Setting CVar [[s.FlushStreamingOnExit:1]]
LogInit: Object subsystem initialized
LogConfig: Setting CVar [[con.DebugEarlyDefault:1]]
LogConfig: Setting CVar [[r.setres:1280x720]]
[2023.02.18-14.29.08:766][  0]LogConfig: Setting CVar [[r.VSync:0]]
[2023.02.18-14.29.08:767][  0]LogConfig: Setting CVar [[r.RHICmdBypass:0]]
[2023.02.18-14.29.08:767][  0]LogConfig: Applying CVar settings from Section [/Script/Engine.RendererSettings] File [C:/Users/William/Documents/GitHub/UnrealRunner-Mastered/HyperCasualRunner/Saved/Config/Windows/Engine.ini]
[2023.02.18-14.29.08:767][  0]LogConfig: Setting CVar [[r.GPUCrashDebugging:0]]
[2023.02.18-14.29.08:767][  0]LogConfig: Applying CVar settings from Section [/Script/Engine.RendererOverrideSettings] File [C:/Users/William/Documents/GitHub/UnrealRunner-Mastered/HyperCasualRunner/Saved/Config/Windows/Engine.ini]
[2023.02.18-14.29.08:767][  0]LogConfig: Applying CVar settings from Section [/Script/Engine.StreamingSettings] File [C:/Users/William/Documents/GitHub/UnrealRunner-Mastered/HyperCasualRunner/Saved/Config/Windows/Engine.ini]
[2023.02.18-14.29.08:767][  0]LogConfig: Setting CVar [[s.MinBulkDataSizeForAsyncLoading:131072]]
[2023.02.18-14.29.08:767][  0]LogConfig: Setting CVar [[s.AsyncLoadingThreadEnabled:0]]
[2023.02.18-14.29.08:767][  0]LogConfig: Setting CVar [[s.EventDrivenLoaderEnabled:1]]
[2023.02.18-14.29.08:767][  0]LogConfig: Setting CVar [[s.WarnIfTimeLimitExceeded:0]]
[2023.02.18-14.29.08:767][  0]LogConfig: Setting CVar [[s.TimeLimitExceededMultiplier:1.5]]
[2023.02.18-14.29.08:767][  0]LogConfig: Setting CVar [[s.TimeLimitExceededMinTime:0.005]]
[2023.02.18-14.29.08:767][  0]LogConfig: Setting CVar [[s.UseBackgroundLevelStreaming:1]]
[2023.02.18-14.29.08:767][  0]LogConfig: Setting CVar [[s.PriorityAsyncLoadingExtraTime:15.0]]
[2023.02.18-14.29.08:767][  0]LogConfig: Setting CVar [[s.LevelStreamingActorsUpdateTimeLimit:5.0]]
[2023.02.18-14.29.08:767][  0]LogConfig: Setting CVar [[s.PriorityLevelStreamingActorsUpdateExtraTime:5.0]]
[2023.02.18-14.29.08:767][  0]LogConfig: Setting CVar [[s.LevelStreamingComponentsRegistrationGranularity:10]]
[2023.02.18-14.29.08:767][  0]LogConfig: Setting CVar [[s.UnregisterComponentsTimeLimit:1.0]]
[2023.02.18-14.29.08:767][  0]LogConfig: Setting CVar [[s.LevelStreamingComponentsUnregistrationGranularity:5]]
[2023.02.18-14.29.08:767][  0]LogConfig: Setting CVar [[s.FlushStreamingOnExit:1]]
[2023.02.18-14.29.08:767][  0]LogConfig: Applying CVar settings from Section [/Script/Engine.GarbageCollectionSettings] File [C:/Users/William/Documents/GitHub/UnrealRunner-Mastered/HyperCasualRunner/Saved/Config/Windows/Engine.ini]
[2023.02.18-14.29.08:767][  0]LogConfig: Setting CVar [[gc.MaxObjectsNotConsideredByGC:1]]
[2023.02.18-14.29.08:767][  0]LogConfig: Setting CVar [[gc.SizeOfPermanentObjectPool:0]]
[2023.02.18-14.29.08:767][  0]LogConfig: Setting CVar [[gc.FlushStreamingOnGC:0]]
[2023.02.18-14.29.08:767][  0]LogConfig: Setting CVar [[gc.NumRetriesBeforeForcingGC:10]]
[2023.02.18-14.29.08:767][  0]LogConfig: Setting CVar [[gc.AllowParallelGC:1]]
[2023.02.18-14.29.08:767][  0]LogConfig: Setting CVar [[gc.TimeBetweenPurgingPendingKillObjects:61.1]]
[2023.02.18-14.29.08:767][  0]LogConfig: Setting CVar [[gc.MaxObjectsInEditor:25165824]]
[2023.02.18-14.29.08:767][  0]LogConfig: Setting CVar [[gc.IncrementalBeginDestroyEnabled:1]]
[2023.02.18-14.29.08:767][  0]LogConfig: Setting CVar [[gc.CreateGCClusters:1]]
[2023.02.18-14.29.08:767][  0]LogConfig: Setting CVar [[gc.MinGCClusterSize:5]]
[2023.02.18-14.29.08:767][  0]LogConfig: Setting CVar [[gc.ActorClusteringEnabled:0]]
[2023.02.18-14.29.08:767][  0]LogConfig: Setting CVar [[gc.BlueprintClusteringEnabled:0]]
[2023.02.18-14.29.08:767][  0]LogConfig: Setting CVar [[gc.UseDisregardForGCOnDedicatedServers:0]]
[2023.02.18-14.29.08:767][  0]LogConfig: Setting CVar [[gc.MultithreadedDestructionEnabled:1]]
[2023.02.18-14.29.08:767][  0]LogConfig: Applying CVar settings from Section [/Script/Engine.NetworkSettings] File [C:/Users/William/Documents/GitHub/UnrealRunner-Mastered/HyperCasualRunner/Saved/Config/Windows/Engine.ini]
[2023.02.18-14.29.08:767][  0]LogConfig: Applying CVar settings from Section [/Script/UnrealEd.CookerSettings] File [C:/Users/William/Documents/GitHub/UnrealRunner-Mastered/HyperCasualRunner/Saved/Config/Windows/Engine.ini]
[2023.02.18-14.29.08:777][  0]LogConfig: Applying CVar settings from Section [ViewDistanceQuality@3] File [C:/Users/William/Documents/GitHub/UnrealRunner-Mastered/HyperCasualRunner/Saved/Config/Windows/Scalability.ini]
[2023.02.18-14.29.08:777][  0]LogConfig: Setting CVar [[r.SkeletalMeshLODBias:0]]
[2023.02.18-14.29.08:777][  0]LogConfig: Setting CVar [[r.ViewDistanceScale:1.0]]
[2023.02.18-14.29.08:777][  0]LogConfig: Applying CVar settings from Section [AntiAliasingQuality@3] File [C:/Users/William/Documents/GitHub/UnrealRunner-Mastered/HyperCasualRunner/Saved/Config/Windows/Scalability.ini]
[2023.02.18-14.29.08:777][  0]LogConfig: Setting CVar [[r.PostProcessAAQuality:4]]
[2023.02.18-14.29.08:777][  0]LogConfig: Applying CVar settings from Section [ShadowQuality@3] File [C:/Users/William/Documents/GitHub/UnrealRunner-Mastered/HyperCasualRunner/Saved/Config/Windows/Scalability.ini]
[2023.02.18-14.29.08:777][  0]LogConfig: Setting CVar [[r.LightFunctionQuality:1]]
[2023.02.18-14.29.08:777][  0]LogConfig: Setting CVar [[r.ShadowQuality:5]]
[2023.02.18-14.29.08:778][  0]LogConfig: Setting CVar [[r.Shadow.CSM.MaxCascades:10]]
[2023.02.18-14.29.08:778][  0]LogConfig: Setting CVar [[r.Shadow.MaxResolution:2048]]
[2023.02.18-14.29.08:778][  0]LogConfig: Setting CVar [[r.Shadow.MaxCSMResolution:2048]]
[2023.02.18-14.29.08:778][  0]LogConfig: Setting CVar [[r.Shadow.RadiusThreshold:0.01]]
[2023.02.18-14.29.08:778][  0]LogConfig: Setting CVar [[r.Shadow.DistanceScale:1.0]]
[2023.02.18-14.29.08:778][  0]LogConfig: Setting CVar [[r.Shadow.CSM.TransitionScale:1.0]]
[2023.02.18-14.29.08:778][  0]LogConfig: Setting CVar [[r.Shadow.PreShadowResolutionFactor:1.0]]
[2023.02.18-14.29.08:778][  0]LogConfig: Setting CVar [[r.DistanceFieldShadowing:1]]
[2023.02.18-14.29.08:778][  0]LogConfig: Setting CVar [[r.DistanceFieldAO:1]]
[2023.02.18-14.29.08:778][  0]LogConfig: Setting CVar [[r.AOQuality:2]]
[2023.02.18-14.29.08:778][  0]LogConfig: Setting CVar [[r.VolumetricFog:1]]
[2023.02.18-14.29.08:778][  0]LogConfig: Setting CVar [[r.VolumetricFog.GridPixelSize:8]]
[2023.02.18-14.29.08:778][  0]LogConfig: Setting CVar [[r.VolumetricFog.GridSizeZ:128]]
[2023.02.18-14.29.08:778][  0]LogConfig: Setting CVar [[r.VolumetricFog.HistoryMissSupersampleCount:4]]
[2023.02.18-14.29.08:778][  0]LogConfig: Setting CVar [[r.LightMaxDrawDistanceScale:1]]
[2023.02.18-14.29.08:778][  0]LogConfig: Setting CVar [[r.CapsuleShadows:1]]
[2023.02.18-14.29.08:778][  0]LogConfig: Applying CVar settings from Section [PostProcessQuality@3] File [C:/Users/William/Documents/GitHub/UnrealRunner-Mastered/HyperCasualRunner/Saved/Config/Windows/Scalability.ini]
[2023.02.18-14.29.08:778][  0]LogConfig: Setting CVar [[r.MotionBlurQuality:4]]
[2023.02.18-14.29.08:778][  0]LogConfig: Setting CVar [[r.AmbientOcclusionMipLevelFactor:0.4]]
[2023.02.18-14.29.08:778][  0]LogConfig: Setting CVar [[r.AmbientOcclusionMaxQuality:100]]
[2023.02.18-14.29.08:778][  0]LogConfig: Setting CVar [[r.AmbientOcclusionLevels:-1]]
[2023.02.18-14.29.08:778][  0]LogConfig: Setting CVar [[r.AmbientOcclusionRadiusScale:1.0]]
[2023.02.18-14.29.08:778][  0]LogConfig: Setting CVar [[r.DepthOfFieldQuality:2]]
[2023.02.18-14.29.08:778][  0]LogConfig: Setting CVar [[r.RenderTargetPoolMin:400]]
[2023.02.18-14.29.08:778][  0]LogConfig: Setting CVar [[r.LensFlareQuality:2]]
[2023.02.18-14.29.08:778][  0]LogConfig: Setting CVar [[r.SceneColorFringeQuality:1]]
[2023.02.18-14.29.08:778][  0]LogConfig: Setting CVar [[r.EyeAdaptationQuality:2]]
[2023.02.18-14.29.08:778][  0]LogConfig: Setting CVar [[r.BloomQuality:5]]
[2023.02.18-14.29.08:778][  0]LogConfig: Setting CVar [[r.FastBlurThreshold:100]]
[2023.02.18-14.29.08:778][  0]LogConfig: Setting CVar [[r.Upscale.Quality:3]]
[2023.02.18-14.29.08:778][  0]LogConfig: Setting CVar [[r.Tonemapper.GrainQuantization:1]]
[2023.02.18-14.29.08:778][  0]LogConfig: Setting CVar [[r.LightShaftQuality:1]]
[2023.02.18-14.29.08:778][  0]LogConfig: Setting CVar [[r.Filter.SizeScale:1]]
[2023.02.18-14.29.08:778][  0]LogConfig: Setting CVar [[r.Tonemapper.Quality:5]]
[2023.02.18-14.29.08:778][  0]LogConfig: Setting CVar [[r.DOF.Gather.AccumulatorQuality:1        ; higher gathering accumulator quality]]
[2023.02.18-14.29.08:778][  0]LogConfig: Setting CVar [[r.DOF.Gather.PostfilterMethod:1          ; Median3x3 postfilering method]]
[2023.02.18-14.29.08:778][  0]LogConfig: Setting CVar [[r.DOF.Gather.EnableBokehSettings:0       ; no bokeh simulation when gathering]]
[2023.02.18-14.29.08:778][  0]LogConfig: Setting CVar [[r.DOF.Gather.RingCount:4                 ; medium number of samples when gathering]]
[2023.02.18-14.29.08:778][  0]LogConfig: Setting CVar [[r.DOF.Scatter.ForegroundCompositing:1    ; additive foreground scattering]]
[2023.02.18-14.29.08:778][  0]LogConfig: Setting CVar [[r.DOF.Scatter.BackgroundCompositing:2    ; additive background scattering]]
[2023.02.18-14.29.08:778][  0]LogConfig: Setting CVar [[r.DOF.Scatter.EnableBokehSettings:1      ; bokeh simulation when scattering]]
[2023.02.18-14.29.08:778][  0]LogConfig: Setting CVar [[r.DOF.Scatter.MaxSpriteRatio:0.1         ; only a maximum of 10% of scattered bokeh]]
[2023.02.18-14.29.08:778][  0]LogConfig: Setting CVar [[r.DOF.Recombine.Quality:1                ; cheap slight out of focus]]
[2023.02.18-14.29.08:778][  0]LogConfig: Setting CVar [[r.DOF.Recombine.EnableBokehSettings:0    ; no bokeh simulation on slight out of focus]]
[2023.02.18-14.29.08:778][  0]LogConfig: Setting CVar [[r.DOF.TemporalAAQuality:1                ; more stable temporal accumulation]]
[2023.02.18-14.29.08:778][  0]LogConfig: Setting CVar [[r.DOF.Kernel.MaxForegroundRadius:0.025]]
[2023.02.18-14.29.08:778][  0]LogConfig: Setting CVar [[r.DOF.Kernel.MaxBackgroundRadius:0.025]]
[2023.02.18-14.29.08:778][  0]LogConfig: Applying CVar settings from Section [TextureQuality@3] File [C:/Users/William/Documents/GitHub/UnrealRunner-Mastered/HyperCasualRunner/Saved/Config/Windows/Scalability.ini]
[2023.02.18-14.29.08:778][  0]LogConfig: Setting CVar [[r.Streaming.MipBias:0]]
[2023.02.18-14.29.08:778][  0]LogConfig: Setting CVar [[r.Streaming.AmortizeCPUToGPUCopy:0]]
[2023.02.18-14.29.08:778][  0]LogConfig: Setting CVar [[r.Streaming.MaxNumTexturesToStreamPerFrame:0]]
[2023.02.18-14.29.08:778][  0]LogConfig: Setting CVar [[r.Streaming.Boost:1]]
[2023.02.18-14.29.08:778][  0]LogConfig: Setting CVar [[r.MaxAnisotropy:8]]
[2023.02.18-14.29.08:778][  0]LogConfig: Setting CVar [[r.VT.MaxAnisotropy:8]]
[2023.02.18-14.29.08:778][  0]LogConfig: Setting CVar [[r.Streaming.LimitPoolSizeToVRAM:0]]
[2023.02.18-14.29.08:778][  0]LogConfig: Setting CVar [[r.Streaming.PoolSize:1000]]
[2023.02.18-14.29.08:778][  0]LogConfig: Setting CVar [[r.Streaming.MaxEffectiveScreenSize:0]]
[2023.02.18-14.29.08:778][  0]LogConfig: Applying CVar settings from Section [EffectsQuality@3] File [C:/Users/William/Documents/GitHub/UnrealRunner-Mastered/HyperCasualRunner/Saved/Config/Windows/Scalability.ini]
[2023.02.18-14.29.08:778][  0]LogConfig: Setting CVar [[r.TranslucencyLightingVolumeDim:64]]
[2023.02.18-14.29.08:778][  0]LogConfig: Setting CVar [[r.RefractionQuality:2]]
[2023.02.18-14.29.08:778][  0]LogConfig: Setting CVar [[r.SSR.Quality:3]]
[2023.02.18-14.29.08:778][  0]LogConfig: Setting CVar [[r.SSR.HalfResSceneColor:0]]
[2023.02.18-14.29.08:778][  0]LogConfig: Setting CVar [[r.SceneColorFormat:4]]
[2023.02.18-14.29.08:778][  0]LogConfig: Setting CVar [[r.DetailMode:2]]
[2023.02.18-14.29.08:778][  0]LogConfig: Setting CVar [[r.TranslucencyVolumeBlur:1]]
[2023.02.18-14.29.08:778][  0]LogConfig: Setting CVar [[r.MaterialQualityLevel:1 ; High quality]]
[2023.02.18-14.29.08:778][  0]LogConfig: Setting CVar [[r.AnisotropicMaterials:1]]
[2023.02.18-14.29.08:778][  0]LogConfig: Setting CVar [[r.SSS.Scale:1]]
[2023.02.18-14.29.08:778][  0]LogConfig: Setting CVar [[r.SSS.SampleSet:2]]
[2023.02.18-14.29.08:778][  0]LogConfig: Setting CVar [[r.SSS.Quality:1]]
[2023.02.18-14.29.08:778][  0]LogConfig: Setting CVar [[r.SSS.HalfRes:0]]
[2023.02.18-14.29.08:778][  0]LogConfig: Setting CVar [[r.SSGI.Quality:3]]
[2023.02.18-14.29.08:778][  0]LogConfig: Setting CVar [[r.EmitterSpawnRateScale:1.0]]
[2023.02.18-14.29.08:778][  0]LogConfig: Setting CVar [[r.ParticleLightQuality:2]]
[2023.02.18-14.29.08:778][  0]LogConfig: Setting CVar [[r.SkyAtmosphere.AerialPerspectiveLUT.FastApplyOnOpaque:1 ; Always have FastSkyLUT 1 in this case to avoid wrong sky]]
[2023.02.18-14.29.08:778][  0]LogConfig: Setting CVar [[r.SkyAtmosphere.AerialPerspectiveLUT.SampleCountMaxPerSlice:4]]
[2023.02.18-14.29.08:778][  0]LogConfig: Setting CVar [[r.SkyAtmosphere.AerialPerspectiveLUT.DepthResolution:16.0]]
[2023.02.18-14.29.08:778][  0]LogConfig: Setting CVar [[r.SkyAtmosphere.FastSkyLUT:1]]
[2023.02.18-14.29.08:778][  0]LogConfig: Setting CVar [[r.SkyAtmosphere.FastSkyLUT.SampleCountMin:4.0]]
[2023.02.18-14.29.08:778][  0]LogConfig: Setting CVar [[r.SkyAtmosphere.FastSkyLUT.SampleCountMax:128.0]]
[2023.02.18-14.29.08:778][  0]LogConfig: Setting CVar [[r.SkyAtmosphere.SampleCountMin:4.0]]
[2023.02.18-14.29.08:778][  0]LogConfig: Setting CVar [[r.SkyAtmosphere.SampleCountMax:128.0]]
[2023.02.18-14.29.08:778][  0]LogConfig: Setting CVar [[r.SkyAtmosphere.TransmittanceLUT.UseSmallFormat:0]]
[2023.02.18-14.29.08:778][  0]LogConfig: Setting CVar [[r.SkyAtmosphere.TransmittanceLUT.SampleCount:10.0]]
[2023.02.18-14.29.08:778][  0]LogConfig: Setting CVar [[r.SkyAtmosphere.MultiScatteringLUT.SampleCount:15.0]]
[2023.02.18-14.29.08:778][  0]LogConfig: Setting CVar [[r.SkyLight.RealTimeReflectionCapture:1]]
[2023.02.18-14.29.08:778][  0]LogConfig: Applying CVar settings from Section [FoliageQuality@3] File [C:/Users/William/Documents/GitHub/UnrealRunner-Mastered/HyperCasualRunner/Saved/Config/Windows/Scalability.ini]
[2023.02.18-14.29.08:778][  0]LogConfig: Setting CVar [[foliage.DensityScale:1.0]]
[2023.02.18-14.29.08:778][  0]LogConfig: Setting CVar [[grass.DensityScale:1.0]]
[2023.02.18-14.29.08:778][  0]LogConfig: Applying CVar settings from Section [ShadingQuality@3] File [C:/Users/William/Documents/GitHub/UnrealRunner-Mastered/HyperCasualRunner/Saved/Config/Windows/Scalability.ini]
[2023.02.18-14.29.08:778][  0]LogConfig: Setting CVar [[r.HairStrands.SkyLighting.IntegrationType:2]]
[2023.02.18-14.29.08:778][  0]LogConfig: Setting CVar [[r.HairStrands.SkyAO.SampleCount:4]]
[2023.02.18-14.29.08:778][  0]LogConfig: Setting CVar [[r.HairStrands.Visibility.MSAA.SamplePerPixel:4]]
[2023.02.18-14.29.08:778][  0]LogInit: Selected Device Profile: [Windows]
[2023.02.18-14.29.08:778][  0]LogInit: Applying CVar settings loaded from the selected device profile: [Windows]
[2023.02.18-14.29.08:778][  0]LogHAL: Display: Platform has ~ 8 GB [7966863360 / 8589934592 / 8], which maps to Default [LargestMinGB=32, LargerMinGB=12, DefaultMinGB=8, SmallerMinGB=6, SmallestMinGB=0)
[2023.02.18-14.29.08:778][  0]LogInit: Going up to parent DeviceProfile []
[2023.02.18-14.29.08:778][  0]LogConfig: Applying CVar settings from Section [ViewDistanceQuality@3] File [C:/Users/William/Documents/GitHub/UnrealRunner-Mastered/HyperCasualRunner/Saved/Config/Windows/Scalability.ini]
[2023.02.18-14.29.08:778][  0]LogConfig: Setting CVar [[r.SkeletalMeshLODBias:0]]
[2023.02.18-14.29.08:778][  0]LogConfig: Setting CVar [[r.ViewDistanceScale:1.0]]
[2023.02.18-14.29.08:778][  0]LogConfig: Applying CVar settings from Section [AntiAliasingQuality@3] File [C:/Users/William/Documents/GitHub/UnrealRunner-Mastered/HyperCasualRunner/Saved/Config/Windows/Scalability.ini]
[2023.02.18-14.29.08:778][  0]LogConfig: Setting CVar [[r.PostProcessAAQuality:4]]
[2023.02.18-14.29.08:779][  0]LogConfig: Applying CVar settings from Section [ShadowQuality@3] File [C:/Users/William/Documents/GitHub/UnrealRunner-Mastered/HyperCasualRunner/Saved/Config/Windows/Scalability.ini]
[2023.02.18-14.29.08:779][  0]LogConfig: Setting CVar [[r.LightFunctionQuality:1]]
[2023.02.18-14.29.08:779][  0]LogConfig: Setting CVar [[r.ShadowQuality:5]]
[2023.02.18-14.29.08:779][  0]LogConfig: Setting CVar [[r.Shadow.CSM.MaxCascades:10]]
[2023.02.18-14.29.08:779][  0]LogConfig: Setting CVar [[r.Shadow.MaxResolution:2048]]
[2023.02.18-14.29.08:779][  0]LogConfig: Setting CVar [[r.Shadow.MaxCSMResolution:2048]]
[2023.02.18-14.29.08:779][  0]LogConfig: Setting CVar [[r.Shadow.RadiusThreshold:0.01]]
[2023.02.18-14.29.08:779][  0]LogConfig: Setting CVar [[r.Shadow.DistanceScale:1.0]]
[2023.02.18-14.29.08:779][  0]LogConfig: Setting CVar [[r.Shadow.CSM.TransitionScale:1.0]]
[2023.02.18-14.29.08:779][  0]LogConfig: Setting CVar [[r.Shadow.PreShadowResolutionFactor:1.0]]
[2023.02.18-14.29.08:779][  0]LogConfig: Setting CVar [[r.DistanceFieldShadowing:1]]
[2023.02.18-14.29.08:779][  0]LogConfig: Setting CVar [[r.DistanceFieldAO:1]]
[2023.02.18-14.29.08:779][  0]LogConfig: Setting CVar [[r.AOQuality:2]]
[2023.02.18-14.29.08:779][  0]LogConfig: Setting CVar [[r.VolumetricFog:1]]
[2023.02.18-14.29.08:779][  0]LogConfig: Setting CVar [[r.VolumetricFog.GridPixelSize:8]]
[2023.02.18-14.29.08:779][  0]LogConfig: Setting CVar [[r.VolumetricFog.GridSizeZ:128]]
[2023.02.18-14.29.08:779][  0]LogConfig: Setting CVar [[r.VolumetricFog.HistoryMissSupersampleCount:4]]
[2023.02.18-14.29.08:779][  0]LogConfig: Setting CVar [[r.LightMaxDrawDistanceScale:1]]
[2023.02.18-14.29.08:779][  0]LogConfig: Setting CVar [[r.CapsuleShadows:1]]
[2023.02.18-14.29.08:779][  0]LogConfig: Applying CVar settings from Section [PostProcessQuality@3] File [C:/Users/William/Documents/GitHub/UnrealRunner-Mastered/HyperCasualRunner/Saved/Config/Windows/Scalability.ini]
[2023.02.18-14.29.08:779][  0]LogConfig: Setting CVar [[r.MotionBlurQuality:4]]
[2023.02.18-14.29.08:779][  0]LogConfig: Setting CVar [[r.AmbientOcclusionMipLevelFactor:0.4]]
[2023.02.18-14.29.08:779][  0]LogConfig: Setting CVar [[r.AmbientOcclusionMaxQuality:100]]
[2023.02.18-14.29.08:779][  0]LogConfig: Setting CVar [[r.AmbientOcclusionLevels:-1]]
[2023.02.18-14.29.08:779][  0]LogConfig: Setting CVar [[r.AmbientOcclusionRadiusScale:1.0]]
[2023.02.18-14.29.08:779][  0]LogConfig: Setting CVar [[r.DepthOfFieldQuality:2]]
[2023.02.18-14.29.08:779][  0]LogConfig: Setting CVar [[r.RenderTargetPoolMin:400]]
[2023.02.18-14.29.08:779][  0]LogConfig: Setting CVar [[r.LensFlareQuality:2]]
[2023.02.18-14.29.08:779][  0]LogConfig: Setting CVar [[r.SceneColorFringeQuality:1]]
[2023.02.18-14.29.08:779][  0]LogConfig: Setting CVar [[r.EyeAdaptationQuality:2]]
[2023.02.18-14.29.08:779][  0]LogConfig: Setting CVar [[r.BloomQuality:5]]
[2023.02.18-14.29.08:779][  0]LogConfig: Setting CVar [[r.FastBlurThreshold:100]]
[2023.02.18-14.29.08:779][  0]LogConfig: Setting CVar [[r.Upscale.Quality:3]]
[2023.02.18-14.29.08:779][  0]LogConfig: Setting CVar [[r.Tonemapper.GrainQuantization:1]]
[2023.02.18-14.29.08:779][  0]LogConfig: Setting CVar [[r.LightShaftQuality:1]]
[2023.02.18-14.29.08:779][  0]LogConfig: Setting CVar [[r.Filter.SizeScale:1]]
[2023.02.18-14.29.08:779][  0]LogConfig: Setting CVar [[r.Tonemapper.Quality:5]]
[2023.02.18-14.29.08:779][  0]LogConfig: Setting CVar [[r.DOF.Gather.AccumulatorQuality:1        ; higher gathering accumulator quality]]
[2023.02.18-14.29.08:779][  0]LogConfig: Setting CVar [[r.DOF.Gather.PostfilterMethod:1          ; Median3x3 postfilering method]]
[2023.02.18-14.29.08:779][  0]LogConfig: Setting CVar [[r.DOF.Gather.EnableBokehSettings:0       ; no bokeh simulation when gathering]]
[2023.02.18-14.29.08:779][  0]LogConfig: Setting CVar [[r.DOF.Gather.RingCount:4                 ; medium number of samples when gathering]]
[2023.02.18-14.29.08:779][  0]LogConfig: Setting CVar [[r.DOF.Scatter.ForegroundCompositing:1    ; additive foreground scattering]]
[2023.02.18-14.29.08:779][  0]LogConfig: Setting CVar [[r.DOF.Scatter.BackgroundCompositing:2    ; additive background scattering]]
[2023.02.18-14.29.08:779][  0]LogConfig: Setting CVar [[r.DOF.Scatter.EnableBokehSettings:1      ; bokeh simulation when scattering]]
[2023.02.18-14.29.08:779][  0]LogConfig: Setting CVar [[r.DOF.Scatter.MaxSpriteRatio:0.1         ; only a maximum of 10% of scattered bokeh]]
[2023.02.18-14.29.08:779][  0]LogConfig: Setting CVar [[r.DOF.Recombine.Quality:1                ; cheap slight out of focus]]
[2023.02.18-14.29.08:779][  0]LogConfig: Setting CVar [[r.DOF.Recombine.EnableBokehSettings:0    ; no bokeh simulation on slight out of focus]]
[2023.02.18-14.29.08:779][  0]LogConfig: Setting CVar [[r.DOF.TemporalAAQuality:1                ; more stable temporal accumulation]]
[2023.02.18-14.29.08:779][  0]LogConfig: Setting CVar [[r.DOF.Kernel.MaxForegroundRadius:0.025]]
[2023.02.18-14.29.08:779][  0]LogConfig: Setting CVar [[r.DOF.Kernel.MaxBackgroundRadius:0.025]]
[2023.02.18-14.29.08:779][  0]LogConfig: Applying CVar settings from Section [TextureQuality@3] File [C:/Users/William/Documents/GitHub/UnrealRunner-Mastered/HyperCasualRunner/Saved/Config/Windows/Scalability.ini]
[2023.02.18-14.29.08:779][  0]LogConfig: Setting CVar [[r.Streaming.MipBias:0]]
[2023.02.18-14.29.08:779][  0]LogConfig: Setting CVar [[r.Streaming.AmortizeCPUToGPUCopy:0]]
[2023.02.18-14.29.08:779][  0]LogConfig: Setting CVar [[r.Streaming.MaxNumTexturesToStreamPerFrame:0]]
[2023.02.18-14.29.08:779][  0]LogConfig: Setting CVar [[r.Streaming.Boost:1]]
[2023.02.18-14.29.08:779][  0]LogConfig: Setting CVar [[r.MaxAnisotropy:8]]
[2023.02.18-14.29.08:779][  0]LogConfig: Setting CVar [[r.VT.MaxAnisotropy:8]]
[2023.02.18-14.29.08:779][  0]LogConfig: Setting CVar [[r.Streaming.LimitPoolSizeToVRAM:0]]
[2023.02.18-14.29.08:779][  0]LogConfig: Setting CVar [[r.Streaming.PoolSize:1000]]
[2023.02.18-14.29.08:779][  0]LogConfig: Setting CVar [[r.Streaming.MaxEffectiveScreenSize:0]]
[2023.02.18-14.29.08:779][  0]LogConfig: Applying CVar settings from Section [EffectsQuality@3] File [C:/Users/William/Documents/GitHub/UnrealRunner-Mastered/HyperCasualRunner/Saved/Config/Windows/Scalability.ini]
[2023.02.18-14.29.08:779][  0]LogConfig: Setting CVar [[r.TranslucencyLightingVolumeDim:64]]
[2023.02.18-14.29.08:779][  0]LogConfig: Setting CVar [[r.RefractionQuality:2]]
[2023.02.18-14.29.08:779][  0]LogConfig: Setting CVar [[r.SSR.Quality:3]]
[2023.02.18-14.29.08:779][  0]LogConfig: Setting CVar [[r.SSR.HalfResSceneColor:0]]
[2023.02.18-14.29.08:779][  0]LogConfig: Setting CVar [[r.SceneColorFormat:4]]
[2023.02.18-14.29.08:779][  0]LogConfig: Setting CVar [[r.DetailMode:2]]
[2023.02.18-14.29.08:779][  0]LogConfig: Setting CVar [[r.TranslucencyVolumeBlur:1]]
[2023.02.18-14.29.08:779][  0]LogConfig: Setting CVar [[r.MaterialQualityLevel:1 ; High quality]]
[2023.02.18-14.29.08:779][  0]LogConfig: Setting CVar [[r.AnisotropicMaterials:1]]
[2023.02.18-14.29.08:779][  0]LogConfig: Setting CVar [[r.SSS.Scale:1]]
[2023.02.18-14.29.08:779][  0]LogConfig: Setting CVar [[r.SSS.SampleSet:2]]
[2023.02.18-14.29.08:779][  0]LogConfig: Setting CVar [[r.SSS.Quality:1]]
[2023.02.18-14.29.08:779][  0]LogConfig: Setting CVar [[r.SSS.HalfRes:0]]
[2023.02.18-14.29.08:779][  0]LogConfig: Setting CVar [[r.SSGI.Quality:3]]
[2023.02.18-14.29.08:779][  0]LogConfig: Setting CVar [[r.EmitterSpawnRateScale:1.0]]
[2023.02.18-14.29.08:779][  0]LogConfig: Setting CVar [[r.ParticleLightQuality:2]]
[2023.02.18-14.29.08:779][  0]LogConfig: Setting CVar [[r.SkyAtmosphere.AerialPerspectiveLUT.FastApplyOnOpaque:1 ; Always have FastSkyLUT 1 in this case to avoid wrong sky]]
[2023.02.18-14.29.08:779][  0]LogConfig: Setting CVar [[r.SkyAtmosphere.AerialPerspectiveLUT.SampleCountMaxPerSlice:4]]
[2023.02.18-14.29.08:779][  0]LogConfig: Setting CVar [[r.SkyAtmosphere.AerialPerspectiveLUT.DepthResolution:16.0]]
[2023.02.18-14.29.08:779][  0]LogConfig: Setting CVar [[r.SkyAtmosphere.FastSkyLUT:1]]
[2023.02.18-14.29.08:779][  0]LogConfig: Setting CVar [[r.SkyAtmosphere.FastSkyLUT.SampleCountMin:4.0]]
[2023.02.18-14.29.08:779][  0]LogConfig: Setting CVar [[r.SkyAtmosphere.FastSkyLUT.SampleCountMax:128.0]]
[2023.02.18-14.29.08:779][  0]LogConfig: Setting CVar [[r.SkyAtmosphere.SampleCountMin:4.0]]
[2023.02.18-14.29.08:779][  0]LogConfig: Setting CVar [[r.SkyAtmosphere.SampleCountMax:128.0]]
[2023.02.18-14.29.08:779][  0]LogConfig: Setting CVar [[r.SkyAtmosphere.TransmittanceLUT.UseSmallFormat:0]]
[2023.02.18-14.29.08:779][  0]LogConfig: Setting CVar [[r.SkyAtmosphere.TransmittanceLUT.SampleCount:10.0]]
[2023.02.18-14.29.08:779][  0]LogConfig: Setting CVar [[r.SkyAtmosphere.MultiScatteringLUT.SampleCount:15.0]]
[2023.02.18-14.29.08:779][  0]LogConfig: Setting CVar [[r.SkyLight.RealTimeReflectionCapture:1]]
[2023.02.18-14.29.08:779][  0]LogConfig: Applying CVar settings from Section [FoliageQuality@3] File [C:/Users/William/Documents/GitHub/UnrealRunner-Mastered/HyperCasualRunner/Saved/Config/Windows/Scalability.ini]
[2023.02.18-14.29.08:779][  0]LogConfig: Setting CVar [[foliage.DensityScale:1.0]]
[2023.02.18-14.29.08:779][  0]LogConfig: Setting CVar [[grass.DensityScale:1.0]]
[2023.02.18-14.29.08:779][  0]LogConfig: Applying CVar settings from Section [ShadingQuality@3] File [C:/Users/William/Documents/GitHub/UnrealRunner-Mastered/HyperCasualRunner/Saved/Config/Windows/Scalability.ini]
[2023.02.18-14.29.08:779][  0]LogConfig: Setting CVar [[r.HairStrands.SkyLighting.IntegrationType:2]]
[2023.02.18-14.29.08:779][  0]LogConfig: Setting CVar [[r.HairStrands.SkyAO.SampleCount:4]]
[2023.02.18-14.29.08:779][  0]LogConfig: Setting CVar [[r.HairStrands.Visibility.MSAA.SamplePerPixel:4]]
[2023.02.18-14.29.08:779][  0]LogConfig: Applying CVar settings from Section [Startup] File [../../../Engine/Config/ConsoleVariables.ini]
[2023.02.18-14.29.08:780][  0]LogConfig: Setting CVar [[net.UseAdaptiveNetUpdateFrequency:0]]
[2023.02.18-14.29.08:780][  0]LogConfig: Setting CVar [[p.chaos.AllowCreatePhysxBodies:1]]
[2023.02.18-14.29.08:780][  0]LogConfig: Setting CVar [[fx.SkipVectorVMBackendOptimizations:1]]
[2023.02.18-14.29.08:780][  0]LogConfig: Applying CVar settings from Section [ConsoleVariables] File [C:/Users/William/Documents/GitHub/UnrealRunner-Mastered/HyperCasualRunner/Saved/Config/Windows/Engine.ini]
[2023.02.18-14.29.08:780][  0]LogConfig: Applying CVar settings from Section [ConsoleVariables] File [C:/Users/William/Documents/GitHub/UnrealRunner-Mastered/HyperCasualRunner/Saved/Config/Windows/Editor.ini]
[2023.02.18-14.29.08:780][  0]LogInit: Computer: WILLSPC
[2023.02.18-14.29.08:780][  0]LogInit: User: William
[2023.02.18-14.29.08:780][  0]LogInit: CPU Page size=4096, Cores=6
[2023.02.18-14.29.08:780][  0]LogInit: High frequency timer resolution =10.000000 MHz
[2023.02.18-14.29.08:780][  0]LogMemory: Memory total: Physical=7.4GB (8GB approx)
[2023.02.18-14.29.08:780][  0]LogMemory: Platform Memory Stats for Windows
[2023.02.18-14.29.08:780][  0]LogMemory: Process Physical Memory: 146.55 MB used, 146.55 MB peak
[2023.02.18-14.29.08:780][  0]LogMemory: Process Virtual Memory: 128.55 MB used, 128.55 MB peak
[2023.02.18-14.29.08:780][  0]LogMemory: Physical Memory: 6749.85 MB used,  847.94 MB free, 7597.79 MB total
[2023.02.18-14.29.08:780][  0]LogMemory: Virtual Memory: 134207752.00 MB used,  9972.59 MB free, 134217728.00 MB total
[2023.02.18-14.29.08:789][  0]LogWindows: WindowsPlatformFeatures enabled
[2023.02.18-14.29.08:842][  0]LogInit: Physics initialised using underlying interface: PhysX
[2023.02.18-14.29.08:843][  0]LogInit: Using OS detected language (en-GB).
[2023.02.18-14.29.08:843][  0]LogInit: Using OS detected locale (en-GB).
[2023.02.18-14.29.08:848][  0]LogTextLocalizationManager: No specific localization for 'en-GB' exists, so the 'en' localization will be used.
[2023.02.18-14.29.09:154][  0]LogInit: Setting process to per monitor DPI aware
[2023.02.18-14.29.09:168][  0]LogWindowsTextInputMethodSystem: Display: IME system deactivated.
[2023.02.18-14.29.09:189][  0]LogSlate: New Slate User Created.  User Index 0, Is Virtual User: 0
[2023.02.18-14.29.09:189][  0]LogSlate: Slate User Registered.  User Index 0, Is Virtual User: 0
[2023.02.18-14.29.09:381][  0]LogD3D11RHI: Loaded GFSDK_Aftermath_Lib.x64.dll
[2023.02.18-14.29.09:424][  0]LogHMD: Failed to initialize OpenVR with code 110
[2023.02.18-14.29.09:424][  0]LogD3D11RHI: D3D11 min allowed feature level: 11_0
[2023.02.18-14.29.09:424][  0]LogD3D11RHI: D3D11 max allowed feature level: 11_0
[2023.02.18-14.29.09:424][  0]LogD3D11RHI: D3D11 adapters:
[2023.02.18-14.29.09:537][  0]LogD3D11RHI:    0. 'NVIDIA GeForce GTX 1660 Ti' (Feature Level 11_0)
[2023.02.18-14.29.09:537][  0]LogD3D11RHI:       5991/0/3798 MB DedicatedVideo/DedicatedSystem/SharedSystem, Outputs:2, VendorId:0x10de
[2023.02.18-14.29.09:571][  0]LogD3D11RHI:    1. 'AMD Radeon(TM) Graphics' (Feature Level 11_0)
[2023.02.18-14.29.09:571][  0]LogD3D11RHI:       496/0/3798 MB DedicatedVideo/DedicatedSystem/SharedSystem, Outputs:0, VendorId:0x1002
[2023.02.18-14.29.09:574][  0]LogD3D11RHI:    2. 'Microsoft Basic Render Driver' (Feature Level 11_0)
[2023.02.18-14.29.09:574][  0]LogD3D11RHI:       0/0/3798 MB DedicatedVideo/DedicatedSystem/SharedSystem, Outputs:0, VendorId:0x1414
[2023.02.18-14.29.09:574][  0]LogD3D11RHI: Chosen D3D11 Adapter:
[2023.02.18-14.29.09:574][  0]LogD3D11RHI:     Description : NVIDIA GeForce GTX 1660 Ti
[2023.02.18-14.29.09:574][  0]LogD3D11RHI:     VendorId    : 10de
[2023.02.18-14.29.09:574][  0]LogD3D11RHI:     DeviceId    : 2191
[2023.02.18-14.29.09:574][  0]LogD3D11RHI:     SubSysId    : 16cf1043
[2023.02.18-14.29.09:574][  0]LogD3D11RHI:     Revision    : 00a1
[2023.02.18-14.29.09:574][  0]LogD3D11RHI:     DedicatedVideoMemory : 6282018816 bytes
[2023.02.18-14.29.09:574][  0]LogD3D11RHI:     DedicatedSystemMemory : 0 bytes
[2023.02.18-14.29.09:574][  0]LogD3D11RHI:     SharedSystemMemory : 3983431680 bytes
[2023.02.18-14.29.09:574][  0]LogD3D11RHI:     AdapterLuid : 0 1935915087
[2023.02.18-14.29.09:595][  0]LogD3D11RHI: Creating new Direct3DDevice
[2023.02.18-14.29.09:595][  0]LogD3D11RHI:     GPU DeviceId: 0x2191 (for the marketing name, search the web for "GPU Device Id")
[2023.02.18-14.29.09:595][  0]LogWindows: EnumDisplayDevices:
[2023.02.18-14.29.09:596][  0]LogWindows:    0. 'AMD Radeon(TM) Graphics' (P:1 D:1)
[2023.02.18-14.29.09:596][  0]LogWindows:    1. 'AMD Radeon(TM) Graphics' (P:0 D:1)
[2023.02.18-14.29.09:596][  0]LogWindows:    2. 'AMD Radeon(TM) Graphics' (P:0 D:0)
[2023.02.18-14.29.09:596][  0]LogWindows:    3. 'AMD Radeon(TM) Graphics' (P:0 D:0)
[2023.02.18-14.29.09:597][  0]LogWindows:    4. 'NVIDIA GeForce GTX 1660 Ti' (P:0 D:0)
[2023.02.18-14.29.09:597][  0]LogWindows:    5. 'NVIDIA GeForce GTX 1660 Ti' (P:0 D:0)
[2023.02.18-14.29.09:597][  0]LogWindows:    6. 'NVIDIA GeForce GTX 1660 Ti' (P:0 D:0)
[2023.02.18-14.29.09:597][  0]LogWindows:    7. 'NVIDIA GeForce GTX 1660 Ti' (P:0 D:0)
[2023.02.18-14.29.09:597][  0]LogWindows: DebugString: PrimaryIsNotTheChoosenAdapter PrimaryIsNotTheChoosenAdapter PrimaryIsNotTheChoosenAdapter PrimaryIsNotTheChoosenAdapter FoundDriverCount:4 
[2023.02.18-14.29.09:597][  0]LogD3D11RHI:     Adapter Name: NVIDIA GeForce GTX 1660 Ti
[2023.02.18-14.29.09:597][  0]LogD3D11RHI:   Driver Version: 516.40 (internal:31.0.15.1640, unified:516.40)
[2023.02.18-14.29.09:597][  0]LogD3D11RHI:      Driver Date: 6-6-2022
[2023.02.18-14.29.09:597][  0]LogRHI: Texture pool is 4193 MB (70% of 5991 MB)
[2023.02.18-14.29.09:597][  0]LogD3D11RHI: Creating D3DDevice using adapter:
[2023.02.18-14.29.09:597][  0]LogD3D11RHI:     Description : NVIDIA GeForce GTX 1660 Ti
[2023.02.18-14.29.09:597][  0]LogD3D11RHI:     VendorId    : 10de
[2023.02.18-14.29.09:597][  0]LogD3D11RHI:     DeviceId    : 2191
[2023.02.18-14.29.09:597][  0]LogD3D11RHI:     SubSysId    : 16cf1043
[2023.02.18-14.29.09:597][  0]LogD3D11RHI:     Revision    : 00a1
[2023.02.18-14.29.09:597][  0]LogD3D11RHI:     DedicatedVideoMemory : 6282018816 bytes
[2023.02.18-14.29.09:597][  0]LogD3D11RHI:     DedicatedSystemMemory : 0 bytes
[2023.02.18-14.29.09:597][  0]LogD3D11RHI:     SharedSystemMemory : 3983431680 bytes
[2023.02.18-14.29.09:597][  0]LogD3D11RHI:     AdapterLuid : 0 1935915087
[2023.02.18-14.29.09:665][  0]LogD3D11RHI: RHI has support for 64 bit atomics
[2023.02.18-14.29.09:666][  0]LogD3D11RHI: Async texture creation enabled
[2023.02.18-14.29.09:666][  0]LogD3D11RHI: Array index from any shader is supported
[2023.02.18-14.29.09:683][  0]LogD3D11RHI: GPU Timing Frequency: 1000.000000 (Debug: 2 1)
[2023.02.18-14.29.09:714][  0]LogRHI: GeForceNow SDK initialized: 1
[2023.02.18-14.29.10:064][  0]LogTargetPlatformManager: Display: Loaded TargetPlatform 'AllDesktop'
[2023.02.18-14.29.10:094][  0]LogTargetPlatformManager: Display: Loaded TargetPlatform 'Android'
[2023.02.18-14.29.10:094][  0]LogTargetPlatformManager: Display: Loaded TargetPlatform 'Android_ASTC'
[2023.02.18-14.29.10:094][  0]LogTargetPlatformManager: Display: Loaded TargetPlatform 'Android_DXT'
[2023.02.18-14.29.10:094][  0]LogTargetPlatformManager: Display: Loaded TargetPlatform 'Android_ETC2'
[2023.02.18-14.29.10:094][  0]LogTargetPlatformManager: Display: Loaded TargetPlatform 'AndroidClient'
[2023.02.18-14.29.10:094][  0]LogTargetPlatformManager: Display: Loaded TargetPlatform 'Android_ASTCClient'
[2023.02.18-14.29.10:095][  0]LogTargetPlatformManager: Display: Loaded TargetPlatform 'Android_DXTClient'
[2023.02.18-14.29.10:095][  0]LogTargetPlatformManager: Display: Loaded TargetPlatform 'Android_ETC2Client'
[2023.02.18-14.29.10:095][  0]LogTargetPlatformManager: Display: Loaded TargetPlatform 'Android_Multi'
[2023.02.18-14.29.10:095][  0]LogTargetPlatformManager: Display: Loaded TargetPlatform 'Android_MultiClient'
[2023.02.18-14.29.10:123][  0]LogTargetPlatformManager: Display: Loaded TargetPlatform 'IOSClient'
[2023.02.18-14.29.10:124][  0]LogTargetPlatformManager: Display: Loaded TargetPlatform 'IOS'
[2023.02.18-14.29.10:138][  0]LogTargetPlatformManager: Display: Loaded TargetPlatform 'Linux'
[2023.02.18-14.29.10:144][  0]LogTargetPlatformManager: Display: Loaded TargetPlatform 'LinuxNoEditor'
[2023.02.18-14.29.10:150][  0]LogTargetPlatformManager: Display: Loaded TargetPlatform 'LinuxClient'
[2023.02.18-14.29.10:158][  0]LogTargetPlatformManager: Display: Loaded TargetPlatform 'LinuxServer'
[2023.02.18-14.29.10:173][  0]LogTargetPlatformManager: Display: Loaded TargetPlatform 'LinuxAArch64NoEditor'
[2023.02.18-14.29.10:180][  0]LogTargetPlatformManager: Display: Loaded TargetPlatform 'LinuxAArch64Client'
[2023.02.18-14.29.10:186][  0]LogTargetPlatformManager: Display: Loaded TargetPlatform 'LinuxAArch64Server'
[2023.02.18-14.29.10:243][  0]LogTargetPlatformManager: Display: Loaded TargetPlatform 'Lumin'
[2023.02.18-14.29.10:243][  0]LogTargetPlatformManager: Display: Loaded TargetPlatform 'LuminClient'
[2023.02.18-14.29.10:260][  0]LogTargetPlatformManager: Display: Loaded TargetPlatform 'MacNoEditor'
[2023.02.18-14.29.10:271][  0]LogTargetPlatformManager: Display: Loaded TargetPlatform 'Mac'
[2023.02.18-14.29.10:278][  0]LogTargetPlatformManager: Display: Loaded TargetPlatform 'MacClient'
[2023.02.18-14.29.10:286][  0]LogTargetPlatformManager: Display: Loaded TargetPlatform 'MacServer'
[2023.02.18-14.29.10:308][  0]LogTargetPlatformManager: Display: Loaded TargetPlatform 'TVOSClient'
[2023.02.18-14.29.10:308][  0]LogTargetPlatformManager: Display: Loaded TargetPlatform 'TVOS'
[2023.02.18-14.29.10:328][  0]LogTargetPlatformManager: Display: Loaded TargetPlatform 'WindowsNoEditor'
[2023.02.18-14.29.10:337][  0]LogTargetPlatformManager: Display: Loaded TargetPlatform 'Windows'
[2023.02.18-14.29.10:347][  0]LogTargetPlatformManager: Display: Loaded TargetPlatform 'WindowsClient'
[2023.02.18-14.29.10:358][  0]LogTargetPlatformManager: Display: Loaded TargetPlatform 'WindowsServer'
[2023.02.18-14.29.10:358][  0]LogTargetPlatformManager: Display: Building Assets For Windows
[2023.02.18-14.29.10:375][  0]LogAudioDebug: Display: Lib vorbis DLL was dynamically loaded.
[2023.02.18-14.29.10:465][  0]LogTextureFormatOodle: Display: Oodle Texture 2.9.0 init RDO Off
[2023.02.18-14.29.10:529][  0]LogRendererCore: Ray tracing is disabled. Reason: r.RayTracing=0.
[2023.02.18-14.29.10:529][  0]LogShaderCompilers: Guid format shader working directory is -41 characters bigger than the processId version (../../../../../../Users/William/Documents/GitHub/UnrealRunner-Mastered/HyperCasualRunner/Intermediate/Shaders/WorkingDirectory/77216/).
[2023.02.18-14.29.10:530][  0]LogShaderCompilers: Cleaned the shader compiler working directory 'C:/Users/William/AppData/Local/Temp/UnrealShaderWorkingDir/1BCA01CD49EEB56722259F912B330508/'.
[2023.02.18-14.29.10:530][  0]LogXGEController: Cannot use XGE Controller as Incredibuild is not installed on this machine.
[2023.02.18-14.29.10:530][  0]LogShaderCompilers: Cannot use XGE Shader Compiler as Incredibuild is not installed on this machine.
[2023.02.18-14.29.10:530][  0]LogShaderCompilers: Display: Using Local Shader Compiler.
[2023.02.18-14.29.11:225][  0]LogDerivedDataCache: Display: Max Cache Size: 512 MB
[2023.02.18-14.29.11:307][  0]LogDerivedDataCache: Loaded boot cache 0.08s 103MB C:/Users/William/AppData/Local/UnrealEngine/4.27/DerivedDataCache/Boot.ddc.
[2023.02.18-14.29.11:307][  0]LogDerivedDataCache: Display: Loaded Boot cache: C:/Users/William/AppData/Local/UnrealEngine/4.27/DerivedDataCache/Boot.ddc
[2023.02.18-14.29.11:308][  0]LogDerivedDataCache: FDerivedDataBackendGraph:  Pak pak cache file ../../../../../../Users/William/Documents/GitHub/UnrealRunner-Mastered/HyperCasualRunner/DerivedDataCache/DDC.ddp not found, will not use a pak cache.
[2023.02.18-14.29.11:308][  0]LogDerivedDataCache: Unable to find inner node Pak for hierarchical cache Hierarchy.
[2023.02.18-14.29.11:308][  0]LogDerivedDataCache: FDerivedDataBackendGraph:  CompressedPak pak cache file ../../../../../../Users/William/Documents/GitHub/UnrealRunner-Mastered/HyperCasualRunner/DerivedDataCache/Compressed.ddp not found, will not use a pak cache.
[2023.02.18-14.29.11:308][  0]LogDerivedDataCache: Unable to find inner node CompressedPak for hierarchical cache Hierarchy.
[2023.02.18-14.29.11:332][  0]LogDerivedDataCache: Display: Pak cache opened for reading ../../../Engine/DerivedDataCache/Compressed.ddp.
[2023.02.18-14.29.11:332][  0]LogDerivedDataCache: FDerivedDataBackendGraph:  EnterprisePak pak cache file ../../../Enterprise/DerivedDataCache/Compressed.ddp not found, will not use a pak cache.
[2023.02.18-14.29.11:332][  0]LogDerivedDataCache: Unable to find inner node EnterprisePak for hierarchical cache Hierarchy.
[2023.02.18-14.29.11:351][  0]LogDerivedDataCache: Speed tests for C:/Users/William/AppData/Local/UnrealEngine/Common/DerivedDataCache took 0.02 seconds
[2023.02.18-14.29.11:351][  0]LogDerivedDataCache: Display: Performance to C:/Users/William/AppData/Local/UnrealEngine/Common/DerivedDataCache: Latency=0.05ms. RandomReadSpeed=139.28MBs, RandomWriteSpeed=75.96MBs. Assigned SpeedClass 'Local'
[2023.02.18-14.29.11:352][  0]LogDerivedDataCache: Using Local data cache path C:/Users/William/AppData/Local/UnrealEngine/Common/DerivedDataCache: Writable
[2023.02.18-14.29.11:353][  0]LogDerivedDataCache: Shared data cache path not found in *engine.ini, will not use an Shared cache.
[2023.02.18-14.29.11:353][  0]LogDerivedDataCache: Unable to find inner node Shared for hierarchical cache Hierarchy.
[2023.02.18-14.29.11:404][  0]LogSlate: Using FreeType 2.10.0
[2023.02.18-14.29.11:405][  0]LogSlate: SlateFontServices - WITH_FREETYPE: 1, WITH_HARFBUZZ: 1
[2023.02.18-14.29.11:443][  0]LogAssetRegistry: FAssetRegistry took 0.0049 seconds to start up
[2023.02.18-14.29.11:790][  0]LogInit: Selected Device Profile: [Windows]
[2023.02.18-14.29.11:790][  0]LogInit: Active device profile: [000001E475D8EC00][000001E474AB0CC0 49] Windows
[2023.02.18-14.29.11:790][  0]LogInit: Profiles: [000001E475D8EC00][000001E474AB0CC0 49] Windows, [000001E475D3E000][000001E474AACF40 49] WindowsNoEditor, [000001E475D8F900][000001E474AB9200 49] WindowsServer, [000001E475D3D300][000001E474ABD4C0 49] WindowsClient, [000001E475D8EB00][000001E476C8F780 49] IOS, [000001E475D3F500][000001E476C93A40 49] iPadAir, [000001E475D8CE00][000001E476C96180 49] iPadAir2, [000001E475CE5300][000001E476CAA6C0 49] IPadPro, [000001E475CE5400][000001E476C9A700 49] iPadAir3, [000001E475D3F300][000001E476CA29C0 49] iPadAir4, [000001E475CE6200][000001E476C9EC80 49] iPadMini2, [000001E475D3EC00][000001E474AB4F00 49] iPadMini3, [000001E475CE6E00][000001E476CA7180 49] iPadMini4, [000001E475D3E300][000001E476CB3440 49] iPadMini5, [000001E475D04E00][000001E476CC7980 49] iPhone6, [000001E475D04F00][000001E476CB79C0 49] iPodTouch6, [000001E475D8C300][000001E476CCE380 49] iPhone7, [000001E475D8D900][000001E476CBE3C0 49] iPodTouch7, [000001E475CE7400][000001E476CC2680 49] iPhone5S, [000001E475D8EA00][000001E476CBA940 49] iPhone6Plus, [000001E475D8ED00][000001E476CCAC00 49] iPhone6S, [000001E475D04700][000001E476CD2EC0 49] iPhone6SPlus, [000001E475D8E600][000001E476CAF140 49] iPhone7Plus, [000001E475D07000][000001E476CDF3C0 49] iPhoneSE, [000001E475D8CF00][000001E476CFF680 49] iPhone8, [000001E475D05300][000001E476D97940 49] iPhone8Plus, [000001E475CE5900][000001E476DEBC00 49] iPhoneX, [000001E475D04D00][000001E476E92340 49] iPhoneXS, [000001E475CE5C00][000001E476E96600 49] iPhoneXSMax, [000001E475D07600][000001E476E9A8C0 49] iPhoneXR, [000001E475CE4300][000001E476EA2B80 49] iPhone11, [000001E475D06000][000001E476EAAE40 49] iPhone11Pro, [000001E475CE6800][000001E476EBB100 49] iPhone11ProMax, [000001E475D07100][000001E476CFB380 49] iPhoneSE2, [000001E475CE4B00][000001E476EC3640 49] iPhone12Mini, [000001E475D06700][000001E476EC7900 49] iPhone12, [000001E475CE5100][000001E466807BC0 49] iPhone12Pro, [000001E475D04400][000001E466816300 49] iPhone12ProMax, [000001E475CE4900][000001E46682A5C0 49] iPadPro105, [000001E475D04900][000001E46682E880 49] iPadPro129, [000001E475CE4F00][000001E46B9D4B40 49] iPadPro97, [000001E475D05400][000001E46B9D8E00 49] iPadPro2_129, [000001E475CE6900][000001E46DCA10C0 49] iPad5, [000001E475D05200][000001E476EBF340 49] iPad6, [000001E475CE7200][000001E46DCA55C0 49] iPad7, [000001E475D07C00][000001E474805880 49] iPad8, [000001E475CE6600][000001E474809B40 49] iPadPro11, [000001E475D04200][000001E47480C280 49] iPadPro2_11, [000001E475CE5D00][000001E474810540 49] iPadPro3_129, [000001E475D06E00][000001E474814800 49] iPadPro4_129, [000001E475CE5500][000001E474818AC0 49] AppleTV, [000001E475D05E00][000001E47481CD80 49] AppleTV4K, [000001E475CE6700][000001E47708D040 49] TVOS, [000001E475D05D00][000001E4770D5300 49] Mac, [000001E475CE4E00][000001E46DCA9580 49] MacClient, [000001E475D04A00][000001E4770D9800 49] MacNoEditor, [000001E475CE5000][000001E477115AC0 49] MacServer, [000001E475D05500][000001E477124200 49] Linux, [000001E475CE4200][000001E4771284C0 49] LinuxAArch64, [000001E475D05C00][000001E47712C780 49] LinuxNoEditor, [000001E475CE5800][000001E4775AAA40 49] LinuxAArch64NoEditor, [000001E475D05100][000001E4775AED00 49] LinuxClient, [000001E475CE7000][000001E4775B2FC0 49] LinuxAArch64Client, [000001E475D04500][000001E4775B7280 49] LinuxServer, [000001E475CE6B00][000001E47773F540 49] LinuxAArch64Server, [000001E475D04800][000001E4771117C0 49] Android, [000001E475CE4500][000001E46DC31A40 49] Android_Low, [000001E475D06F00][000001E46DC38180 49] Android_Mid, [000001E475CE7A00][000001E46DC50440 49] Android_High, [000001E475D06200][000001E46DC5C700 49] Android_Default, [000001E475CE7B00][000001E46DC609C0 49] Android_Adreno4xx, [000001E475D04C00][000001E46DC64C80 49] Android_Adreno5xx_Low, [000001E475CE6C00][000001E46DC68F40 49] Android_Adreno5xx, [000001E475D05800][000001E46DC71200 49] Android_Adreno6xx, [000001E475CE6F00][000001E46DC794C0 49] Android_Adreno6xx_Vulkan, [000001E475D07500][000001E46DC7D780 49] Android_Mali_T6xx, [000001E475CE4100][000001E46DC35A00 49] Android_Mali_T7xx, [000001E475D3FD00][000001E46DC80100 49] Android_Mali_T8xx, [000001E475D8D400][000001E46DC6C3C0 49] Android_Mali_G71, [000001E475D3EE00][000001E46DC90680 49] Android_Mali_G72, [000001E475D8FC00][000001E46DC94940 49] Android_Mali_G72_Vulkan, [000001E475D3D200][000001E46DC98C00 49] Android_Mali_G76, [000001E475D8DD00][000001E46DC9CEC0 49] Android_Mali_G76_Vulkan, [000001E475D3CC00][000001E477823180 49] Android_Mali_G77, [000001E475D8C200][000001E477827440 49] Android_Mali_G77_Vulkan, [000001E475D3D700][000001E47782B700 49] Android_Mali_G78, [000001E475D8F600][000001E47782F9C0 49] Android_Mali_G78_Vulkan, [000001E475D3CA00][000001E46DC740C0 49] Android_Mali_G710, [000001E475D8F700][000001E477080340 49] Android_Mali_G710_Vulkan, [000001E475D3FA00][000001E47482C600 49] Android_Vulkan_SM5, [000001E475D8D100][000001E4748288C0 49] Android_PowerVR_G6xxx, [000001E475D3FE00][000001E474824B80 49] Android_PowerVR_GT7xxx, [000001E475D8CB00][000001E474820E40 49] Android_PowerVR_GE8xxx, [000001E475D3D800][000001E4772DD100 49] Android_PowerVR_GM9xxx, [000001E475D8F400][000001E4772D93C0 49] Android_PowerVR_GM9xxx_Vulkan, [000001E475D3DA00][000001E4772D5680 49] Android_TegraK1, [000001E475D8DE00][000001E4772D1940 49] Android_Unknown_Vulkan, [000001E475D3DB00][000001E476ECBC00 49] Lumin, [000001E475D8D000][000001E474830300 49] Lumin_Desktop, [000001E475D3DC00][000001E46680A580 49] HoloLens, 
[2023.02.18-14.29.11:944][  0]LogMeshReduction: Using QuadricMeshReduction for automatic static mesh reduction
[2023.02.18-14.29.11:944][  0]LogMeshReduction: Using SimplygonMeshReduction for automatic skeletal mesh reduction
[2023.02.18-14.29.11:944][  0]LogMeshReduction: Using ProxyLODMeshReduction for automatic mesh merging
[2023.02.18-14.29.11:944][  0]LogMeshReduction: No distributed automatic mesh merging module available
[2023.02.18-14.29.11:944][  0]LogMeshMerging: No distributed automatic mesh merging module available
[2023.02.18-14.29.11:967][  0]LogNetVersion: HyperCasualRunner 1.0.0, NetCL: 17155196, EngineNetVer: 17, GameNetVer: 0 (Checksum: 1022397391)
[2023.02.18-14.29.12:450][  0]LogTexture: Default maximum texture size for cubemaps generated from long-lat sources has been changed from 512 to unlimited. In order to preserve old behaiour for '/Engine/MapTemplates/Sky/DaylightAmbientCubemap.DaylightAmbientCubemap', its maximum texture size has been explicitly set to 512.
[2023.02.18-14.29.12:528][  0]LogHMD: PokeAHoleMaterial loaded successfully
[2023.02.18-14.29.12:535][  0]LogUObjectArray: 17178 objects as part of root set at end of initial load.
[2023.02.18-14.29.12:536][  0]LogUObjectAllocator: 4302048 out of 0 bytes used by permanent object pool.
[2023.02.18-14.29.12:536][  0]LogUObjectArray: CloseDisregardForGC: 0/0 objects in disregard for GC pool
[2023.02.18-14.29.12:907][  0]LogNiagaraDebuggerClient: Niagara Debugger Client Initialized | Session: 6BE46DE342C17F6ACD7B07B6A47F4554 | Instance: 99DB450947B3FEF29932079CB7D56227 (WILLSPC-77216).
[2023.02.18-14.29.13:066][  0]LogTcpMessaging: Initializing TcpMessaging bridge
[2023.02.18-14.29.13:074][  0]LogUdpMessaging: Initializing bridge on interface 0.0.0.0:0 to multicast group 230.0.0.1:6666.
[2023.02.18-14.29.13:097][  0]LogPython: Using Python 3.7.7
[2023.02.18-14.29.14:382][  0]LogOpenImageDenoise: OIDN starting up
[2023.02.18-14.29.14:402][  0]LogAndroidPermission: UAndroidPermissionCallbackProxy::GetInstance
[2023.02.18-14.29.14:443][  0]LogAudioCaptureCore: Display: No Audio Capture implementations found. Audio input will be silent.
[2023.02.18-14.29.14:443][  0]LogAudioCaptureCore: Display: No Audio Capture implementations found. Audio input will be silent.
[2023.02.18-14.29.14:636][  0]SourceControl: Source control is disabled
[2023.02.18-14.29.14:636][  0]SourceControl: Source control is disabled
[2023.02.18-14.29.14:642][  0]SourceControl: Source control is disabled
[2023.02.18-14.29.14:648][  0]SourceControl: Source control is disabled
[2023.02.18-14.29.14:667][  0]LogUProjectInfo: Found projects:
[2023.02.18-14.29.14:681][  0]SourceControl: Source control is disabled
[2023.02.18-14.29.14:700][  0]LogCollectionManager: Loaded 0 collections in 0.002190 seconds
[2023.02.18-14.29.14:734][  0]LogFileCache: Scanning file cache for directory 'C:/Users/William/Documents/GitHub/UnrealRunner-Mastered/HyperCasualRunner/Saved/Collections/' took 0.00s
[2023.02.18-14.29.14:734][  0]LogFileCache: Scanning file cache for directory 'C:/Users/William/Documents/GitHub/UnrealRunner-Mastered/HyperCasualRunner/Content/Developers/William/Collections/' took 0.00s
[2023.02.18-14.29.14:734][  0]LogFileCache: Scanning file cache for directory 'C:/Users/William/Documents/GitHub/UnrealRunner-Mastered/HyperCasualRunner/Content/Collections/' took 0.00s
[2023.02.18-14.29.14:735][  0]LogOcInput: OculusInput pre-init called
[2023.02.18-14.29.14:997][  0]LogEngine: Initializing Engine...
[2023.02.18-14.29.15:006][  0]LogHMD: Failed to enumerate extensions. Please check that you have a valid OpenXR runtime installed.
[2023.02.18-14.29.15:007][  0]LogHMD: Failed to initialize OpenVR with code 110
[2023.02.18-14.29.15:007][  0]LogMagicLeap: Warning: VR disabled because ZI is not enabled.  To enable, in the editor, Edit -> Project Settings -> Plugins -> Magic Leap Plugin -> Enable Zero Iteration
[2023.02.18-14.29.15:009][  0]LogStats: UGameplayTagsManager::InitializeManager -  0.000 s
[2023.02.18-14.29.15:155][  0]LogInit: Initializing FReadOnlyCVARCache
[2023.02.18-14.29.15:167][  0]LogAIModule: Creating AISystem for world Untitled
[2023.02.18-14.29.15:168][  0]LogAudio: Display: Initializing Audio Device Manager...
[2023.02.18-14.29.15:172][  0]LogAudio: Display: Loading Default Audio Settings Objects...
[2023.02.18-14.29.15:172][  0]LogAudio: Display: No default SoundConcurrencyObject specified (or failed to load).
[2023.02.18-14.29.15:173][  0]LogAudio: Display: Audio Device Manager Initialized
[2023.02.18-14.29.15:173][  0]LogAudio: Display: Creating Audio Device:                 Id: 1, Scope: Shared, Realtime: True
[2023.02.18-14.29.15:173][  0]LogAudioMixer: Display: Audio Mixer Platform Settings:
[2023.02.18-14.29.15:173][  0]LogAudioMixer: Display: 	Sample Rate:						  48000
[2023.02.18-14.29.15:173][  0]LogAudioMixer: Display: 	Callback Buffer Frame Size Requested: 1024
[2023.02.18-14.29.15:173][  0]LogAudioMixer: Display: 	Callback Buffer Frame Size To Use:	  1024
[2023.02.18-14.29.15:173][  0]LogAudioMixer: Display: 	Number of buffers to queue:			  2
[2023.02.18-14.29.15:173][  0]LogAudioMixer: Display: 	Max Channels (voices):				  32
[2023.02.18-14.29.15:173][  0]LogAudioMixer: Display: 	Number of Async Source Workers:		  0
[2023.02.18-14.29.15:173][  0]LogAudio: Display: AudioDevice MaxSources: 32
[2023.02.18-14.29.15:173][  0]LogAudio: Display: Audio Spatialization Plugin: None (built-in).
[2023.02.18-14.29.15:173][  0]LogAudio: Display: Audio Reverb Plugin: None (built-in).
[2023.02.18-14.29.15:173][  0]LogAudio: Display: Audio Occlusion Plugin: None (built-in).
[2023.02.18-14.29.15:173][  0]LogAudioMixer: Display: Initializing audio mixer.
[2023.02.18-14.29.15:187][  0]LogAudioMixer: Display: 0: FrontLeft
[2023.02.18-14.29.15:187][  0]LogAudioMixer: Display: 1: FrontRight
[2023.02.18-14.29.15:251][  0]LogAudioMixer: Display: Using Audio Device Headphones (Realtek(R) Audio)
[2023.02.18-14.29.15:254][  0]LogAudioMixer: Display: Initializing Sound Submixes...
[2023.02.18-14.29.15:258][  0]LogAudioMixer: Display: Creating Master Submix 'MasterSubmixDefault'
[2023.02.18-14.29.15:258][  0]LogAudioMixer: Display: Creating Master Submix 'MasterReverbSubmixDefault'
[2023.02.18-14.29.15:259][  0]LogAudioMixer: Display: Creating Master Submix 'MasterEQSubmixDefault'
[2023.02.18-14.29.15:259][  0]LogAudioMixer: FMixerPlatformXAudio2::StartAudioStream() called
[2023.02.18-14.29.15:259][  0]LogAudioMixer: Display: Output buffers initialized: Frames=1024, Channels=2, Samples=2048
[2023.02.18-14.29.15:261][  0]LogAudioMixer: Display: Starting AudioMixerPlatformInterface::RunInternal()
[2023.02.18-14.29.15:261][  0]LogAudioMixer: Display: FMixerPlatformXAudio2::SubmitBuffer() called for the first time
[2023.02.18-14.29.15:261][  0]LogInit: FAudioDevice initialized.
[2023.02.18-14.29.15:261][  0]LogAudio: Display: Audio Device (ID: 1) registered with world 'Untitled'.
[2023.02.18-14.29.15:261][  0]LogNetVersion: Set ProjectVersion to 1.0.0.0. Version Checksum will be recalculated on next use.
[2023.02.18-14.29.15:339][  0]LogDerivedDataCache: Saved boot cache 0.08s 103MB C:/Users/William/AppData/Local/UnrealEngine/4.27/DerivedDataCache/Boot.ddc.
[2023.02.18-14.29.15:339][  0]LogInit: Texture streaming: Enabled
[2023.02.18-14.29.15:357][  0]LogAnalytics: Display: [UEEditor.Rocket.Release] APIServer = https://datarouter.ol.epicgames.com/. AppVersion = 4.27.2-18319896+++UE4+Release-4.27
[2023.02.18-14.29.15:362][  0]LogEngineSessionManager: EngineSessionManager initialized
[2023.02.18-14.29.15:362][  0]LogEditorSessionSummary: Verbose: Initializing EditorSessionSummaryWriter for editor session tracking
[2023.02.18-14.29.15:369][  0]LogEditorSessionSummary: EditorSessionSummaryWriter initialized
[2023.02.18-14.29.15:419][  0]LogInit: Transaction tracking system initialized
[2023.02.18-14.29.15:447][  0]BlueprintLog: New page: Editor Load
[2023.02.18-14.29.15:527][  0]LocalizationService: Localization service is disabled
[2023.02.18-14.29.15:560][  0]TimingProfiler: Initialize
[2023.02.18-14.29.15:560][  0]TimingProfiler: OnSessionChanged
[2023.02.18-14.29.15:560][  0]LoadingProfiler: Initialize
[2023.02.18-14.29.15:560][  0]LoadingProfiler: OnSessionChanged
[2023.02.18-14.29.15:560][  0]NetworkingProfiler: Initialize
[2023.02.18-14.29.15:560][  0]NetworkingProfiler: OnSessionChanged
[2023.02.18-14.29.15:560][  0]MemoryProfiler: Initialize
[2023.02.18-14.29.15:560][  0]MemoryProfiler: OnSessionChanged
[2023.02.18-14.29.15:764][  0]LogCook: Display: CookSettings for Memory: MemoryMaxUsedVirtual 0MiB, MemoryMaxUsedPhysical 16384MiB, MemoryMinFreeVirtual 0MiB, MemoryMinFreePhysical 1024MiB
[2023.02.18-14.29.15:764][  0]LogCook: Display: Mobile HDR setting 1
[2023.02.18-14.29.15:770][  0]LogFileCache: Scanning file cache for directory 'C:/Users/William/Documents/GitHub/UnrealRunner-Mastered/HyperCasualRunner/Content/' took 0.01s
[2023.02.18-14.29.15:770][  0]LogLinker: Warning: Failed to load '/Engine/BasicShapes/Cube': Can't find file.
[2023.02.18-14.29.15:770][  0]LogLinker: Warning: Failed to load '/Engine/BasicShapes/Cube': Can't find file.
[2023.02.18-14.29.15:770][  0]LogUObjectGlobals: Warning: Failed to find object 'StaticMesh /Engine/BasicShapes/Cube.Cube'
[2023.02.18-14.29.16:190][  0]LogInit: Display: Engine is initialized. Leaving FEngineLoop::Init()
[2023.02.18-14.29.16:197][  0]SourceControl: Source control is disabled
[2023.02.18-14.29.16:197][  0]LogUnrealEdMisc: Loading editor; pre map load, took 9.056
[2023.02.18-14.29.16:197][  0]Cmd: MAP LOAD FILE="../../../../../../Users/William/Documents/GitHub/UnrealRunner-Mastered/HyperCasualRunner/Content/Maps/Gameplay.umap" TEMPLATE=0 SHOWPROGRESS=1 FEATURELEVEL=3
[2023.02.18-14.29.16:197][  0]LightingResults: New page: Lighting Build
[2023.02.18-14.29.16:199][  0]LogWorld: UWorld::CleanupWorld for Untitled, bSessionEnded=true, bCleanupResources=true
[2023.02.18-14.29.16:199][  0]LogSlate: InvalidateAllWidgets triggered.  All widgets were invalidated
[2023.02.18-14.29.16:199][  0]MapCheck: New page: Map Check
[2023.02.18-14.29.16:199][  0]LightingResults: New page: Lighting Build
[2023.02.18-14.29.16:204][  0]LogAudio: Display: Audio Device unregistered from world 'None'.
[2023.02.18-14.29.16:209][  0]LogUObjectHash: Compacting FUObjectHashTables data took   1.02ms
[2023.02.18-14.29.16:555][  0]LogAudio: Display: Audio Device (ID: 1) registered with world 'Gameplay'.
[2023.02.18-14.29.16:558][  0]LogAIModule: Creating AISystem for world Gameplay
[2023.02.18-14.29.16:596][  0]LogEditorServer: Finished looking for orphan Actors (0.000 secs)
[2023.02.18-14.29.16:604][  0]LogUObjectHash: Compacting FUObjectHashTables data took   1.16ms
[2023.02.18-14.29.16:605][  0]Cmd: MAP CHECKDEP NOCLEARLOG
[2023.02.18-14.29.16:605][  0]MapCheck: Map check complete: 0 Error(s), 0 Warning(s), took 0.285ms to complete.
[2023.02.18-14.29.16:605][  0]LogFileHelpers: Loading map 'Gameplay' took 0.409
[2023.02.18-14.29.16:610][  0]LogUnrealEdMisc: Total Editor Startup Time, took 9.470
[2023.02.18-14.29.16:736][  0]LogSlate: Updating window title bar state: overlay mode, drag disabled, window buttons hidden, title bar hidden
[2023.02.18-14.29.16:744][  0]LogSlate: Updating window title bar state: overlay mode, drag disabled, window buttons hidden, title bar hidden
[2023.02.18-14.29.16:750][  0]LogSlate: Updating window title bar state: overlay mode, drag disabled, window buttons hidden, title bar hidden
[2023.02.18-14.29.16:757][  0]LogSlate: Updating window title bar state: overlay mode, drag disabled, window buttons hidden, title bar hidden
[2023.02.18-14.29.16:780][  0]LogNativeClassHierarchy: Verbose: Native class hierarchy populated in 0.0110 seconds. Added 3831 classes and 930 folders.
[2023.02.18-14.29.16:790][  0]LogNativeClassHierarchy: Verbose: Native class hierarchy updated for 'WidgetCarousel' in 0.0003 seconds. Added 0 classes and 0 folders.
[2023.02.18-14.29.16:794][  0]LogPakFile: PakFile PrimaryIndexSize=187
[2023.02.18-14.29.16:794][  0]LogPakFile: PakFile PathHashIndexSize=101
[2023.02.18-14.29.16:794][  0]LogPakFile: PakFile FullDirectoryIndexSize=148
[2023.02.18-14.29.16:794][  0]LogShaderLibrary: Display: ShaderCodeLibraryPakFileMountedCallback: PakFile 'C:/Program Files/Epic Games/UE_4.27/FeaturePacks/FP_FirstPerson.upack' (chunk index -1, root 'root:/') mounted
[2023.02.18-14.29.16:794][  0]LogShaderLibrary: Display: ShaderCodeLibraryPakFileMountedCallback: pending pak file info (ChunkID:-1 Root:root:/ File:C:/Program Files/Epic Games/UE_4.27/FeaturePacks/FP_FirstPerson.upack)
[2023.02.18-14.29.16:794][  0]LogPakFile: OnPakFileMounted2Time == 0.000056
[2023.02.18-14.29.16:795][  0]LogPakFile: PakFile PrimaryIndexSize=189
[2023.02.18-14.29.16:796][  0]LogPakFile: PakFile PathHashIndexSize=101
[2023.02.18-14.29.16:796][  0]LogPakFile: PakFile FullDirectoryIndexSize=152
[2023.02.18-14.29.16:796][  0]LogShaderLibrary: Display: ShaderCodeLibraryPakFileMountedCallback: PakFile 'C:/Program Files/Epic Games/UE_4.27/FeaturePacks/FP_FirstPersonBP.upack' (chunk index -1, root 'root:/') mounted
[2023.02.18-14.29.16:796][  0]LogShaderLibrary: Display: ShaderCodeLibraryPakFileMountedCallback: pending pak file info (ChunkID:-1 Root:root:/ File:C:/Program Files/Epic Games/UE_4.27/FeaturePacks/FP_FirstPersonBP.upack)
[2023.02.18-14.29.16:796][  0]LogPakFile: OnPakFileMounted2Time == 0.000043
[2023.02.18-14.29.16:798][  0]LogPakFile: PakFile PrimaryIndexSize=191
[2023.02.18-14.29.16:798][  0]LogPakFile: PakFile PathHashIndexSize=101
[2023.02.18-14.29.16:798][  0]LogPakFile: PakFile FullDirectoryIndexSize=160
[2023.02.18-14.29.16:798][  0]LogShaderLibrary: Display: ShaderCodeLibraryPakFileMountedCallback: PakFile 'C:/Program Files/Epic Games/UE_4.27/FeaturePacks/MobileStarterContent.upack' (chunk index -1, root 'root:/') mounted
[2023.02.18-14.29.16:798][  0]LogShaderLibrary: Display: ShaderCodeLibraryPakFileMountedCallback: pending pak file info (ChunkID:-1 Root:root:/ File:C:/Program Files/Epic Games/UE_4.27/FeaturePacks/MobileStarterContent.upack)
[2023.02.18-14.29.16:798][  0]LogPakFile: OnPakFileMounted2Time == 0.000033
[2023.02.18-14.29.16:799][  0]LogPakFile: PakFile PrimaryIndexSize=185
[2023.02.18-14.29.16:799][  0]LogPakFile: PakFile PathHashIndexSize=101
[2023.02.18-14.29.16:799][  0]LogPakFile: PakFile FullDirectoryIndexSize=148
[2023.02.18-14.29.16:799][  0]LogShaderLibrary: Display: ShaderCodeLibraryPakFileMountedCallback: PakFile 'C:/Program Files/Epic Games/UE_4.27/FeaturePacks/StarterContent.upack' (chunk index -1, root 'root:/') mounted
[2023.02.18-14.29.16:799][  0]LogShaderLibrary: Display: ShaderCodeLibraryPakFileMountedCallback: pending pak file info (ChunkID:-1 Root:root:/ File:C:/Program Files/Epic Games/UE_4.27/FeaturePacks/StarterContent.upack)
[2023.02.18-14.29.16:799][  0]LogPakFile: OnPakFileMounted2Time == 0.000038
[2023.02.18-14.29.16:802][  0]LogPakFile: PakFile PrimaryIndexSize=190
[2023.02.18-14.29.16:802][  0]LogPakFile: PakFile PathHashIndexSize=101
[2023.02.18-14.29.16:802][  0]LogPakFile: PakFile FullDirectoryIndexSize=154
[2023.02.18-14.29.16:802][  0]LogShaderLibrary: Display: ShaderCodeLibraryPakFileMountedCallback: PakFile 'C:/Program Files/Epic Games/UE_4.27/FeaturePacks/TP_2DSideScroller.upack' (chunk index -1, root 'root:/') mounted
[2023.02.18-14.29.16:802][  0]LogShaderLibrary: Display: ShaderCodeLibraryPakFileMountedCallback: pending pak file info (ChunkID:-1 Root:root:/ File:C:/Program Files/Epic Games/UE_4.27/FeaturePacks/TP_2DSideScroller.upack)
[2023.02.18-14.29.16:802][  0]LogPakFile: OnPakFileMounted2Time == 0.000094
[2023.02.18-14.29.16:804][  0]LogPakFile: PakFile PrimaryIndexSize=192
[2023.02.18-14.29.16:804][  0]LogPakFile: PakFile PathHashIndexSize=101
[2023.02.18-14.29.16:804][  0]LogPakFile: PakFile FullDirectoryIndexSize=158
[2023.02.18-14.29.16:804][  0]LogShaderLibrary: Display: ShaderCodeLibraryPakFileMountedCallback: PakFile 'C:/Program Files/Epic Games/UE_4.27/FeaturePacks/TP_2DSideScrollerBP.upack' (chunk index -1, root 'root:/') mounted
[2023.02.18-14.29.16:804][  0]LogShaderLibrary: Display: ShaderCodeLibraryPakFileMountedCallback: pending pak file info (ChunkID:-1 Root:root:/ File:C:/Program Files/Epic Games/UE_4.27/FeaturePacks/TP_2DSideScrollerBP.upack)
[2023.02.18-14.29.16:804][  0]LogPakFile: OnPakFileMounted2Time == 0.000048
[2023.02.18-14.29.16:805][  0]LogPakFile: PakFile PrimaryIndexSize=182
[2023.02.18-14.29.16:805][  0]LogPakFile: PakFile PathHashIndexSize=101
[2023.02.18-14.29.16:805][  0]LogPakFile: PakFile FullDirectoryIndexSize=138
[2023.02.18-14.29.16:805][  0]LogShaderLibrary: Display: ShaderCodeLibraryPakFileMountedCallback: PakFile 'C:/Program Files/Epic Games/UE_4.27/FeaturePacks/TP_Flying.upack' (chunk index -1, root 'root:/') mounted
[2023.02.18-14.29.16:805][  0]LogShaderLibrary: Display: ShaderCodeLibraryPakFileMountedCallback: pending pak file info (ChunkID:-1 Root:root:/ File:C:/Program Files/Epic Games/UE_4.27/FeaturePacks/TP_Flying.upack)
[2023.02.18-14.29.16:805][  0]LogPakFile: OnPakFileMounted2Time == 0.000034
[2023.02.18-14.29.16:806][  0]LogPakFile: PakFile PrimaryIndexSize=184
[2023.02.18-14.29.16:806][  0]LogPakFile: PakFile PathHashIndexSize=101
[2023.02.18-14.29.16:806][  0]LogPakFile: PakFile FullDirectoryIndexSize=142
[2023.02.18-14.29.16:806][  0]LogShaderLibrary: Display: ShaderCodeLibraryPakFileMountedCallback: PakFile 'C:/Program Files/Epic Games/UE_4.27/FeaturePacks/TP_FlyingBP.upack' (chunk index -1, root 'root:/') mounted
[2023.02.18-14.29.16:807][  0]LogShaderLibrary: Display: ShaderCodeLibraryPakFileMountedCallback: pending pak file info (ChunkID:-1 Root:root:/ File:C:/Program Files/Epic Games/UE_4.27/FeaturePacks/TP_FlyingBP.upack)
[2023.02.18-14.29.16:807][  0]LogPakFile: OnPakFileMounted2Time == 0.000040
[2023.02.18-14.29.16:809][  0]LogPakFile: PakFile PrimaryIndexSize=188
[2023.02.18-14.29.16:809][  0]LogPakFile: PakFile PathHashIndexSize=101
[2023.02.18-14.29.16:809][  0]LogPakFile: PakFile FullDirectoryIndexSize=150
[2023.02.18-14.29.16:809][  0]LogShaderLibrary: Display: ShaderCodeLibraryPakFileMountedCallback: PakFile 'C:/Program Files/Epic Games/UE_4.27/FeaturePacks/TP_HandheldARBP.upack' (chunk index -1, root 'root:/') mounted
[2023.02.18-14.29.16:809][  0]LogShaderLibrary: Display: ShaderCodeLibraryPakFileMountedCallback: pending pak file info (ChunkID:-1 Root:root:/ File:C:/Program Files/Epic Games/UE_4.27/FeaturePacks/TP_HandheldARBP.upack)
[2023.02.18-14.29.16:809][  0]LogPakFile: OnPakFileMounted2Time == 0.000047
[2023.02.18-14.29.16:812][  0]LogPakFile: PakFile PrimaryIndexSize=182
[2023.02.18-14.29.16:812][  0]LogPakFile: PakFile PathHashIndexSize=101
[2023.02.18-14.29.16:812][  0]LogPakFile: PakFile FullDirectoryIndexSize=138
[2023.02.18-14.29.16:812][  0]LogShaderLibrary: Display: ShaderCodeLibraryPakFileMountedCallback: PakFile 'C:/Program Files/Epic Games/UE_4.27/FeaturePacks/TP_Puzzle.upack' (chunk index -1, root 'root:/') mounted
[2023.02.18-14.29.16:812][  0]LogShaderLibrary: Display: ShaderCodeLibraryPakFileMountedCallback: pending pak file info (ChunkID:-1 Root:root:/ File:C:/Program Files/Epic Games/UE_4.27/FeaturePacks/TP_Puzzle.upack)
[2023.02.18-14.29.16:812][  0]LogPakFile: OnPakFileMounted2Time == 0.000037
[2023.02.18-14.29.16:813][  0]LogPakFile: PakFile PrimaryIndexSize=184
[2023.02.18-14.29.16:813][  0]LogPakFile: PakFile PathHashIndexSize=101
[2023.02.18-14.29.16:813][  0]LogPakFile: PakFile FullDirectoryIndexSize=142
[2023.02.18-14.29.16:813][  0]LogShaderLibrary: Display: ShaderCodeLibraryPakFileMountedCallback: PakFile 'C:/Program Files/Epic Games/UE_4.27/FeaturePacks/TP_PuzzleBP.upack' (chunk index -1, root 'root:/') mounted
[2023.02.18-14.29.16:813][  0]LogShaderLibrary: Display: ShaderCodeLibraryPakFileMountedCallback: pending pak file info (ChunkID:-1 Root:root:/ File:C:/Program Files/Epic Games/UE_4.27/FeaturePacks/TP_PuzzleBP.upack)
[2023.02.18-14.29.16:813][  0]LogPakFile: OnPakFileMounted2Time == 0.000036
[2023.02.18-14.29.16:815][  0]LogPakFile: PakFile PrimaryIndexSize=183
[2023.02.18-14.29.16:815][  0]LogPakFile: PakFile PathHashIndexSize=101
[2023.02.18-14.29.16:815][  0]LogPakFile: PakFile FullDirectoryIndexSize=140
[2023.02.18-14.29.16:815][  0]LogShaderLibrary: Display: ShaderCodeLibraryPakFileMountedCallback: PakFile 'C:/Program Files/Epic Games/UE_4.27/FeaturePacks/TP_Rolling.upack' (chunk index -1, root 'root:/') mounted
[2023.02.18-14.29.16:815][  0]LogShaderLibrary: Display: ShaderCodeLibraryPakFileMountedCallback: pending pak file info (ChunkID:-1 Root:root:/ File:C:/Program Files/Epic Games/UE_4.27/FeaturePacks/TP_Rolling.upack)
[2023.02.18-14.29.16:815][  0]LogPakFile: OnPakFileMounted2Time == 0.000081
[2023.02.18-14.29.16:817][  0]LogPakFile: PakFile PrimaryIndexSize=185
[2023.02.18-14.29.16:817][  0]LogPakFile: PakFile PathHashIndexSize=101
[2023.02.18-14.29.16:817][  0]LogPakFile: PakFile FullDirectoryIndexSize=144
[2023.02.18-14.29.16:817][  0]LogShaderLibrary: Display: ShaderCodeLibraryPakFileMountedCallback: PakFile 'C:/Program Files/Epic Games/UE_4.27/FeaturePacks/TP_RollingBP.upack' (chunk index -1, root 'root:/') mounted
[2023.02.18-14.29.16:817][  0]LogShaderLibrary: Display: ShaderCodeLibraryPakFileMountedCallback: pending pak file info (ChunkID:-1 Root:root:/ File:C:/Program Files/Epic Games/UE_4.27/FeaturePacks/TP_RollingBP.upack)
[2023.02.18-14.29.16:817][  0]LogPakFile: OnPakFileMounted2Time == 0.000038
[2023.02.18-14.29.16:818][  0]LogPakFile: PakFile PrimaryIndexSize=188
[2023.02.18-14.29.16:819][  0]LogPakFile: PakFile PathHashIndexSize=101
[2023.02.18-14.29.16:819][  0]LogPakFile: PakFile FullDirectoryIndexSize=150
[2023.02.18-14.29.16:819][  0]LogShaderLibrary: Display: ShaderCodeLibraryPakFileMountedCallback: PakFile 'C:/Program Files/Epic Games/UE_4.27/FeaturePacks/TP_SideScroller.upack' (chunk index -1, root 'root:/') mounted
[2023.02.18-14.29.16:819][  0]LogShaderLibrary: Display: ShaderCodeLibraryPakFileMountedCallback: pending pak file info (ChunkID:-1 Root:root:/ File:C:/Program Files/Epic Games/UE_4.27/FeaturePacks/TP_SideScroller.upack)
[2023.02.18-14.29.16:819][  0]LogPakFile: OnPakFileMounted2Time == 0.000037
[2023.02.18-14.29.16:821][  0]LogPakFile: PakFile PrimaryIndexSize=190
[2023.02.18-14.29.16:821][  0]LogPakFile: PakFile PathHashIndexSize=101
[2023.02.18-14.29.16:821][  0]LogPakFile: PakFile FullDirectoryIndexSize=154
[2023.02.18-14.29.16:821][  0]LogShaderLibrary: Display: ShaderCodeLibraryPakFileMountedCallback: PakFile 'C:/Program Files/Epic Games/UE_4.27/FeaturePacks/TP_SideScrollerBP.upack' (chunk index -1, root 'root:/') mounted
[2023.02.18-14.29.16:821][  0]LogShaderLibrary: Display: ShaderCodeLibraryPakFileMountedCallback: pending pak file info (ChunkID:-1 Root:root:/ File:C:/Program Files/Epic Games/UE_4.27/FeaturePacks/TP_SideScrollerBP.upack)
[2023.02.18-14.29.16:821][  0]LogPakFile: OnPakFileMounted2Time == 0.000033
[2023.02.18-14.29.16:822][  0]LogPakFile: PakFile PrimaryIndexSize=187
[2023.02.18-14.29.16:822][  0]LogPakFile: PakFile PathHashIndexSize=101
[2023.02.18-14.29.16:822][  0]LogPakFile: PakFile FullDirectoryIndexSize=148
[2023.02.18-14.29.16:822][  0]LogShaderLibrary: Display: ShaderCodeLibraryPakFileMountedCallback: PakFile 'C:/Program Files/Epic Games/UE_4.27/FeaturePacks/TP_ThirdPerson.upack' (chunk index -1, root 'root:/') mounted
[2023.02.18-14.29.16:822][  0]LogShaderLibrary: Display: ShaderCodeLibraryPakFileMountedCallback: pending pak file info (ChunkID:-1 Root:root:/ File:C:/Program Files/Epic Games/UE_4.27/FeaturePacks/TP_ThirdPerson.upack)
[2023.02.18-14.29.16:822][  0]LogPakFile: OnPakFileMounted2Time == 0.000037
[2023.02.18-14.29.16:824][  0]LogPakFile: PakFile PrimaryIndexSize=189
[2023.02.18-14.29.16:824][  0]LogPakFile: PakFile PathHashIndexSize=101
[2023.02.18-14.29.16:824][  0]LogPakFile: PakFile FullDirectoryIndexSize=152
[2023.02.18-14.29.16:824][  0]LogShaderLibrary: Display: ShaderCodeLibraryPakFileMountedCallback: PakFile 'C:/Program Files/Epic Games/UE_4.27/FeaturePacks/TP_ThirdPersonBP.upack' (chunk index -1, root 'root:/') mounted
[2023.02.18-14.29.16:824][  0]LogShaderLibrary: Display: ShaderCodeLibraryPakFileMountedCallback: pending pak file info (ChunkID:-1 Root:root:/ File:C:/Program Files/Epic Games/UE_4.27/FeaturePacks/TP_ThirdPersonBP.upack)
[2023.02.18-14.29.16:824][  0]LogPakFile: OnPakFileMounted2Time == 0.000043
[2023.02.18-14.29.16:826][  0]LogPakFile: PakFile PrimaryIndexSize=183
[2023.02.18-14.29.16:826][  0]LogPakFile: PakFile PathHashIndexSize=101
[2023.02.18-14.29.16:826][  0]LogPakFile: PakFile FullDirectoryIndexSize=140
[2023.02.18-14.29.16:826][  0]LogShaderLibrary: Display: ShaderCodeLibraryPakFileMountedCallback: PakFile 'C:/Program Files/Epic Games/UE_4.27/FeaturePacks/TP_TopDown.upack' (chunk index -1, root 'root:/') mounted
[2023.02.18-14.29.16:826][  0]LogShaderLibrary: Display: ShaderCodeLibraryPakFileMountedCallback: pending pak file info (ChunkID:-1 Root:root:/ File:C:/Program Files/Epic Games/UE_4.27/FeaturePacks/TP_TopDown.upack)
[2023.02.18-14.29.16:826][  0]LogPakFile: OnPakFileMounted2Time == 0.000043
[2023.02.18-14.29.16:827][  0]LogPakFile: PakFile PrimaryIndexSize=185
[2023.02.18-14.29.16:827][  0]LogPakFile: PakFile PathHashIndexSize=101
[2023.02.18-14.29.16:827][  0]LogPakFile: PakFile FullDirectoryIndexSize=144
[2023.02.18-14.29.16:827][  0]LogShaderLibrary: Display: ShaderCodeLibraryPakFileMountedCallback: PakFile 'C:/Program Files/Epic Games/UE_4.27/FeaturePacks/TP_TopDownBP.upack' (chunk index -1, root 'root:/') mounted
[2023.02.18-14.29.16:827][  0]LogShaderLibrary: Display: ShaderCodeLibraryPakFileMountedCallback: pending pak file info (ChunkID:-1 Root:root:/ File:C:/Program Files/Epic Games/UE_4.27/FeaturePacks/TP_TopDownBP.upack)
[2023.02.18-14.29.16:827][  0]LogPakFile: OnPakFileMounted2Time == 0.000036
[2023.02.18-14.29.16:828][  0]LogPakFile: PakFile PrimaryIndexSize=185
[2023.02.18-14.29.16:828][  0]LogPakFile: PakFile PathHashIndexSize=101
[2023.02.18-14.29.16:828][  0]LogPakFile: PakFile FullDirectoryIndexSize=144
[2023.02.18-14.29.16:828][  0]LogShaderLibrary: Display: ShaderCodeLibraryPakFileMountedCallback: PakFile 'C:/Program Files/Epic Games/UE_4.27/FeaturePacks/TP_TwinStick.upack' (chunk index -1, root 'root:/') mounted
[2023.02.18-14.29.16:828][  0]LogShaderLibrary: Display: ShaderCodeLibraryPakFileMountedCallback: pending pak file info (ChunkID:-1 Root:root:/ File:C:/Program Files/Epic Games/UE_4.27/FeaturePacks/TP_TwinStick.upack)
[2023.02.18-14.29.16:828][  0]LogPakFile: OnPakFileMounted2Time == 0.000036
[2023.02.18-14.29.16:830][  0]LogPakFile: PakFile PrimaryIndexSize=187
[2023.02.18-14.29.16:830][  0]LogPakFile: PakFile PathHashIndexSize=101
[2023.02.18-14.29.16:830][  0]LogPakFile: PakFile FullDirectoryIndexSize=148
[2023.02.18-14.29.16:830][  0]LogShaderLibrary: Display: ShaderCodeLibraryPakFileMountedCallback: PakFile 'C:/Program Files/Epic Games/UE_4.27/FeaturePacks/TP_TwinStickBP.upack' (chunk index -1, root 'root:/') mounted
[2023.02.18-14.29.16:830][  0]LogShaderLibrary: Display: ShaderCodeLibraryPakFileMountedCallback: pending pak file info (ChunkID:-1 Root:root:/ File:C:/Program Files/Epic Games/UE_4.27/FeaturePacks/TP_TwinStickBP.upack)
[2023.02.18-14.29.16:830][  0]LogPakFile: OnPakFileMounted2Time == 0.000047
[2023.02.18-14.29.16:831][  0]LogPakFile: PakFile PrimaryIndexSize=183
[2023.02.18-14.29.16:831][  0]LogPakFile: PakFile PathHashIndexSize=101
[2023.02.18-14.29.16:831][  0]LogPakFile: PakFile FullDirectoryIndexSize=140
[2023.02.18-14.29.16:831][  0]LogShaderLibrary: Display: ShaderCodeLibraryPakFileMountedCallback: PakFile 'C:/Program Files/Epic Games/UE_4.27/FeaturePacks/TP_Vehicle.upack' (chunk index -1, root 'root:/') mounted
[2023.02.18-14.29.16:831][  0]LogShaderLibrary: Display: ShaderCodeLibraryPakFileMountedCallback: pending pak file info (ChunkID:-1 Root:root:/ File:C:/Program Files/Epic Games/UE_4.27/FeaturePacks/TP_Vehicle.upack)
[2023.02.18-14.29.16:831][  0]LogPakFile: OnPakFileMounted2Time == 0.000035
[2023.02.18-14.29.16:833][  0]LogPakFile: PakFile PrimaryIndexSize=186
[2023.02.18-14.29.16:833][  0]LogPakFile: PakFile PathHashIndexSize=101
[2023.02.18-14.29.16:833][  0]LogPakFile: PakFile FullDirectoryIndexSize=146
[2023.02.18-14.29.16:833][  0]LogShaderLibrary: Display: ShaderCodeLibraryPakFileMountedCallback: PakFile 'C:/Program Files/Epic Games/UE_4.27/FeaturePacks/TP_VehicleAdv.upack' (chunk index -1, root 'root:/') mounted
[2023.02.18-14.29.16:833][  0]LogShaderLibrary: Display: ShaderCodeLibraryPakFileMountedCallback: pending pak file info (ChunkID:-1 Root:root:/ File:C:/Program Files/Epic Games/UE_4.27/FeaturePacks/TP_VehicleAdv.upack)
[2023.02.18-14.29.16:833][  0]LogPakFile: OnPakFileMounted2Time == 0.000037
[2023.02.18-14.29.16:834][  0]LogPakFile: PakFile PrimaryIndexSize=188
[2023.02.18-14.29.16:834][  0]LogPakFile: PakFile PathHashIndexSize=101
[2023.02.18-14.29.16:834][  0]LogPakFile: PakFile FullDirectoryIndexSize=150
[2023.02.18-14.29.16:834][  0]LogShaderLibrary: Display: ShaderCodeLibraryPakFileMountedCallback: PakFile 'C:/Program Files/Epic Games/UE_4.27/FeaturePacks/TP_VehicleAdvBP.upack' (chunk index -1, root 'root:/') mounted
[2023.02.18-14.29.16:834][  0]LogShaderLibrary: Display: ShaderCodeLibraryPakFileMountedCallback: pending pak file info (ChunkID:-1 Root:root:/ File:C:/Program Files/Epic Games/UE_4.27/FeaturePacks/TP_VehicleAdvBP.upack)
[2023.02.18-14.29.16:834][  0]LogPakFile: OnPakFileMounted2Time == 0.000035
[2023.02.18-14.29.16:836][  0]LogPakFile: PakFile PrimaryIndexSize=185
[2023.02.18-14.29.16:836][  0]LogPakFile: PakFile PathHashIndexSize=101
[2023.02.18-14.29.16:836][  0]LogPakFile: PakFile FullDirectoryIndexSize=144
[2023.02.18-14.29.16:836][  0]LogShaderLibrary: Display: ShaderCodeLibraryPakFileMountedCallback: PakFile 'C:/Program Files/Epic Games/UE_4.27/FeaturePacks/TP_VehicleBP.upack' (chunk index -1, root 'root:/') mounted
[2023.02.18-14.29.16:836][  0]LogShaderLibrary: Display: ShaderCodeLibraryPakFileMountedCallback: pending pak file info (ChunkID:-1 Root:root:/ File:C:/Program Files/Epic Games/UE_4.27/FeaturePacks/TP_VehicleBP.upack)
[2023.02.18-14.29.16:836][  0]LogPakFile: OnPakFileMounted2Time == 0.000041
[2023.02.18-14.29.16:838][  0]LogPakFile: PakFile PrimaryIndexSize=192
[2023.02.18-14.29.16:838][  0]LogPakFile: PakFile PathHashIndexSize=101
[2023.02.18-14.29.16:838][  0]LogPakFile: PakFile FullDirectoryIndexSize=158
[2023.02.18-14.29.16:838][  0]LogShaderLibrary: Display: ShaderCodeLibraryPakFileMountedCallback: PakFile 'C:/Program Files/Epic Games/UE_4.27/FeaturePacks/TP_VirtualRealityBP.upack' (chunk index -1, root 'root:/') mounted
[2023.02.18-14.29.16:838][  0]LogShaderLibrary: Display: ShaderCodeLibraryPakFileMountedCallback: pending pak file info (ChunkID:-1 Root:root:/ File:C:/Program Files/Epic Games/UE_4.27/FeaturePacks/TP_VirtualRealityBP.upack)
[2023.02.18-14.29.16:838][  0]LogPakFile: OnPakFileMounted2Time == 0.000040
[2023.02.18-14.29.16:998][  0]LogNativeClassHierarchy: Verbose: Native class hierarchy updated for 'AddContentDialog' in 0.0003 seconds. Added 0 classes and 0 folders.
[2023.02.18-14.29.17:009][  0]LogNativeClassHierarchy: Verbose: Native class hierarchy updated for 'SceneOutliner' in 0.0004 seconds. Added 2 classes and 0 folders.
[2023.02.18-14.29.17:220][  0]LogSlate: Took 0.001056 seconds to synchronously load lazily loaded font '../../../Engine/Content/Slate/Fonts/Roboto-Regular.ttf' (155K)
[2023.02.18-14.29.17:223][  0]LogSlate: Took 0.001022 seconds to synchronously load lazily loaded font '../../../Engine/Content/Editor/Slate/Fonts/FontAwesome.ttf' (139K)
[2023.02.18-14.29.17:225][  0]LogSlate: Took 0.000826 seconds to synchronously load lazily loaded font '../../../Engine/Content/Slate/Fonts/Roboto-Bold.ttf' (160K)
[2023.02.18-14.29.17:467][  0]LogRenderer: Reallocating scene render targets to support 1252x648 Format 10 NumSamples 1 (Frame:1).
[2023.02.18-14.29.18:013][  0]LogSlate: Took 0.001208 seconds to synchronously load lazily loaded font '../../../Engine/Content/Slate/Fonts/Roboto-Light.ttf' (167K)
[2023.02.18-14.29.18:256][  0]LogNativeClassHierarchy: Verbose: Native class hierarchy updated for 'HierarchicalLODOutliner' in 0.0003 seconds. Added 0 classes and 0 folders.
[2023.02.18-14.29.18:256][  0]LogLoad: (Engine Initialization) Total time: 11.12 seconds
[2023.02.18-14.29.18:256][  0]LogLoad: (Engine Initialization) Total Blueprint compile time: 0.00 seconds
[2023.02.18-14.29.18:287][  0]LogLinker: Warning: Failed to load '/Engine/BasicShapes/Cube': Can't find file.
[2023.02.18-14.29.18:287][  0]LogLinker: Warning: Failed to load '/Engine/BasicShapes/Cube': Can't find file.
[2023.02.18-14.29.18:287][  0]LogUObjectGlobals: Warning: Failed to find object 'StaticMesh /Engine/BasicShapes/Cube.Cube'
[2023.02.18-14.29.18:331][  0]LogAssetRegistry: Asset discovery search completed in 6.8899 seconds
[2023.02.18-14.29.18:342][  0]LogCollectionManager: Fixed up redirectors for 0 collections in 0.000004 seconds (updated 0 objects)
[2023.02.18-14.29.18:347][  0]LogContentStreaming: Texture pool size now 1000 MB
[2023.02.18-14.29.19:627][  4]LogSlate: Took 0.000383 seconds to synchronously load lazily loaded font '../../../Engine/Content/Slate/Fonts/Roboto-Light.ttf' (167K)
[2023.02.18-14.29.55:106][315]LogSlate: Window 'Build and Submit' being destroyed
[2023.02.18-14.29.55:118][315]LogSlate: Window 'Build and Submit' being destroyed
